[2023-01-09 14:18:13,008][unit_test][INFO] - Generation start!
[2023-01-09 14:18:13,014][root][INFO] - Instantiating datamodule <src.dataio.akwd_datamodule.AWKDDataModule>
[2023-01-09 14:18:13,120][root][INFO] - Instantiating model <src.models.cvae.LitCVAE>
[2023-01-09 14:18:13,137][root][INFO] - Instantiating loggers...
[2023-01-09 14:18:19,257][root][INFO] - Instantiating callbacks...
[2023-01-09 14:18:19,258][root][INFO] - Instantiating trainer <pytorch_lightning.Trainer>
[2023-01-09 14:18:24,003][unit_test.sub][INFO] - Decoder: conditioning[0]
[2023-01-09 14:18:24,094][unit_test.sub][INFO] - Decoder: conditioning[0]
[2023-01-09 14:18:24,224][unit_test.sub][INFO] - Decoder: conditioning[0]
[2023-01-09 14:18:24,431][unit_test.sub][INFO] - Decoder: conditioning[0]
[2023-01-09 14:18:24,525][unit_test.sub][INFO] - Decoder: conditioning[0]
[2023-01-09 14:18:24,601][unit_test.sub][INFO] - Decoder: conditioning[0]
[2023-01-09 14:18:24,679][unit_test.sub][INFO] - Decoder: conditioning[0]
[2023-01-09 14:18:24,760][unit_test.sub][INFO] - Decoder: conditioning[0]
[2023-01-09 14:18:24,839][unit_test.sub][INFO] - Decoder: conditioning[0]
[2023-01-09 14:18:24,913][unit_test.sub][INFO] - Decoder: conditioning[0]
[2023-01-09 14:18:24,994][unit_test.sub][INFO] - Decoder: conditioning[0]
[2023-01-09 14:18:25,069][unit_test.sub][INFO] - Decoder: conditioning[0]
[2023-01-09 14:18:25,146][unit_test.sub][INFO] - Decoder: conditioning[0]
[2023-01-09 14:18:25,223][unit_test.sub][INFO] - Decoder: conditioning[0]
[2023-01-09 14:18:25,300][unit_test.sub][INFO] - Decoder: conditioning[0]
[2023-01-09 14:18:25,375][unit_test.sub][INFO] - Decoder: conditioning[0]
[2023-01-09 14:18:25,458][unit_test.sub][INFO] - Decoder: conditioning[0]
[2023-01-09 14:18:25,535][unit_test.sub][INFO] - Decoder: conditioning[0]
[2023-01-09 14:18:25,613][unit_test.sub][INFO] - Decoder: conditioning[0]
[2023-01-09 14:18:25,688][unit_test.sub][INFO] - Decoder: conditioning[0]
[2023-01-09 14:18:25,767][unit_test.sub][INFO] - Decoder: conditioning[0]
[2023-01-09 14:18:25,841][unit_test.sub][INFO] - Decoder: conditioning[0]
[2023-01-09 14:18:25,924][unit_test.sub][INFO] - Decoder: conditioning[0]
[2023-01-09 14:18:26,000][unit_test.sub][INFO] - Decoder: conditioning[0]
[2023-01-09 14:18:26,075][unit_test.sub][INFO] - Decoder: conditioning[0]
[2023-01-09 14:18:26,148][unit_test.sub][INFO] - Decoder: conditioning[0]
[2023-01-09 14:18:26,226][unit_test.sub][INFO] - Decoder: conditioning[0]
[2023-01-09 14:18:26,301][unit_test.sub][INFO] - Decoder: conditioning[0]
[2023-01-09 14:18:26,375][unit_test.sub][INFO] - Decoder: conditioning[0]
[2023-01-09 14:18:26,451][unit_test.sub][INFO] - Decoder: conditioning[0]
[2023-01-09 14:18:26,527][unit_test.sub][INFO] - Decoder: conditioning[0]
[2023-01-09 14:18:26,607][unit_test.sub][INFO] - Decoder: conditioning[0]
[2023-01-09 14:18:26,689][unit_test.sub][INFO] - Decoder: conditioning[0]
[2023-01-09 14:18:26,765][unit_test.sub][INFO] - Decoder: conditioning[0]
[2023-01-09 14:18:26,841][unit_test.sub][INFO] - Decoder: conditioning[0]
[2023-01-09 14:18:26,920][unit_test.sub][INFO] - Decoder: conditioning[0]
[2023-01-09 14:18:26,994][unit_test.sub][INFO] - Decoder: conditioning[0]
[2023-01-09 14:18:27,068][unit_test.sub][INFO] - Decoder: conditioning[0]
[2023-01-09 14:18:27,149][unit_test.sub][INFO] - Decoder: conditioning[0]
[2023-01-09 14:18:27,232][unit_test.sub][INFO] - Decoder: conditioning[0]
[2023-01-09 14:18:27,309][unit_test.sub][INFO] - Decoder: conditioning[0]
[2023-01-09 14:18:27,388][unit_test.sub][INFO] - Decoder: conditioning[0]
[2023-01-09 14:18:27,461][unit_test.sub][INFO] - Decoder: conditioning[0]
[2023-01-09 14:18:27,534][unit_test.sub][INFO] - Decoder: conditioning[0]
[2023-01-09 14:18:27,614][unit_test.sub][INFO] - Decoder: conditioning[0]
[2023-01-09 14:18:27,693][unit_test.sub][INFO] - Decoder: conditioning[0]
[2023-01-09 14:18:27,769][unit_test.sub][INFO] - Decoder: conditioning[0]
[2023-01-09 14:18:27,848][unit_test.sub][INFO] - Decoder: conditioning[0]
[2023-01-09 14:18:27,925][unit_test.sub][INFO] - Decoder: conditioning[0]
[2023-01-09 14:18:28,003][unit_test.sub][INFO] - Decoder: conditioning[0]
[2023-01-09 14:18:28,078][unit_test.sub][INFO] - Decoder: conditioning[0]
[2023-01-09 14:18:28,155][unit_test.sub][INFO] - Decoder: conditioning[0]
[2023-01-09 14:18:28,231][unit_test.sub][INFO] - Decoder: conditioning[0]
[2023-01-09 14:18:28,315][unit_test.sub][INFO] - Decoder: conditioning[0]
[2023-01-09 14:18:28,394][unit_test.sub][INFO] - Decoder: conditioning[0]
[2023-01-09 14:18:28,469][unit_test.sub][INFO] - Decoder: conditioning[0]
[2023-01-09 14:18:28,547][unit_test.sub][INFO] - Decoder: conditioning[0]
[2023-01-09 14:18:28,627][unit_test.sub][INFO] - Decoder: conditioning[0]
[2023-01-09 14:18:28,701][unit_test.sub][INFO] - Decoder: conditioning[0]
[2023-01-09 14:18:28,783][unit_test.sub][INFO] - Decoder: conditioning[0]
[2023-01-09 14:18:28,868][unit_test.sub][INFO] - Decoder: conditioning[0]
[2023-01-09 14:18:28,943][unit_test.sub][INFO] - Decoder: conditioning[0]
[2023-01-09 14:18:29,018][unit_test.sub][INFO] - Decoder: conditioning[0]
[2023-01-09 14:18:29,098][unit_test.sub][INFO] - Decoder: conditioning[0]
[2023-01-09 14:18:29,176][unit_test.sub][INFO] - Decoder: conditioning[0]
[2023-01-09 14:18:29,252][unit_test.sub][INFO] - Decoder: conditioning[0]
[2023-01-09 14:18:29,325][unit_test.sub][INFO] - Decoder: conditioning[0]
[2023-01-09 14:18:29,418][unit_test.sub][INFO] - Decoder: conditioning[0]
[2023-01-09 14:18:29,508][unit_test.sub][INFO] - Decoder: conditioning[0]
[2023-01-09 14:18:29,585][unit_test.sub][INFO] - Decoder: conditioning[0]
[2023-01-09 14:18:29,661][unit_test.sub][INFO] - Decoder: conditioning[0]
[2023-01-09 14:18:29,739][unit_test.sub][INFO] - Decoder: conditioning[0]
[2023-01-09 14:18:29,815][unit_test.sub][INFO] - Decoder: conditioning[0]
[2023-01-09 14:18:29,896][unit_test.sub][INFO] - Decoder: conditioning[0]
[2023-01-09 14:18:29,971][unit_test.sub][INFO] - Decoder: conditioning[0]
[2023-01-09 14:18:30,079][unit_test.sub][INFO] - Decoder: conditioning[0]
[2023-01-09 14:18:30,164][unit_test.sub][INFO] - Decoder: conditioning[0]
[2023-01-09 14:18:30,236][unit_test.sub][INFO] - Decoder: conditioning[0]
[2023-01-09 14:18:30,318][unit_test.sub][INFO] - Decoder: conditioning[0]
[2023-01-09 14:18:30,402][unit_test.sub][INFO] - Decoder: conditioning[0]
[2023-01-09 14:18:30,484][unit_test.sub][INFO] - Decoder: conditioning[0]
[2023-01-09 14:18:30,562][unit_test.sub][INFO] - Decoder: conditioning[0]
[2023-01-09 14:18:30,645][unit_test.sub][INFO] - Decoder: conditioning[0]
[2023-01-09 14:18:30,718][unit_test.sub][INFO] - Decoder: conditioning[0]
[2023-01-09 14:18:30,794][unit_test.sub][INFO] - Decoder: conditioning[0]
[2023-01-09 14:18:30,870][unit_test.sub][INFO] - Decoder: conditioning[0]
[2023-01-09 14:18:30,955][unit_test.sub][INFO] - Decoder: conditioning[0]
[2023-01-09 14:18:31,033][unit_test.sub][INFO] - Decoder: conditioning[0]
[2023-01-09 14:18:31,113][unit_test.sub][INFO] - Decoder: conditioning[0]
[2023-01-09 14:18:31,184][unit_test.sub][INFO] - Decoder: conditioning[0]
[2023-01-09 14:18:31,260][unit_test.sub][INFO] - Decoder: conditioning[0]
[2023-01-09 14:18:31,340][unit_test.sub][INFO] - Decoder: conditioning[0]
[2023-01-09 14:18:31,423][unit_test.sub][INFO] - Decoder: conditioning[0]
[2023-01-09 14:18:31,501][unit_test.sub][INFO] - Decoder: conditioning[0]
[2023-01-09 14:18:31,580][unit_test.sub][INFO] - Decoder: conditioning[0]
[2023-01-09 14:18:31,655][unit_test.sub][INFO] - Decoder: conditioning[0]
[2023-01-09 14:18:31,739][unit_test.sub][INFO] - Decoder: conditioning[0]
[2023-01-09 14:18:31,815][unit_test.sub][INFO] - Decoder: conditioning[0]
[2023-01-09 14:18:31,889][unit_test.sub][INFO] - Decoder: conditioning[0]
[2023-01-09 14:18:31,973][unit_test.sub][INFO] - Decoder: conditioning[0]
[2023-01-09 14:18:32,042][unit_test.sub][INFO] - Decoder: conditioning[0]
[2023-01-09 14:18:36,370][unit_test.sub][INFO] - Decoder: conditioning[0]
[2023-01-09 14:18:36,492][unit_test.sub][INFO] - Decoder: conditioning[0]
[2023-01-09 14:18:36,549][unit_test.sub][INFO] - Decoder: conditioning[0]
[2023-01-09 14:18:36,583][unit_test.sub][INFO] - Decoder: conditioning[0]
[2023-01-09 14:18:36,949][unit_test.sub][INFO] - Decoder: conditioning[0]
[2023-01-09 14:18:36,967][unit_test.sub][INFO] - Decoder: conditioning[0]
[2023-01-09 14:18:36,981][unit_test.sub][INFO] - Decoder: conditioning[0]
[2023-01-09 14:18:36,994][unit_test.sub][INFO] - Decoder: conditioning[0]
[2023-01-09 14:18:37,007][unit_test.sub][INFO] - Decoder: conditioning[0]
[2023-01-09 14:18:37,019][unit_test.sub][INFO] - Decoder: conditioning[0]
[2023-01-09 14:18:37,031][unit_test.sub][INFO] - Decoder: conditioning[0]
[2023-01-09 14:18:37,043][unit_test.sub][INFO] - Decoder: conditioning[0]
[2023-01-09 14:18:37,055][unit_test.sub][INFO] - Decoder: conditioning[0]
[2023-01-09 14:18:37,112][unit_test.sub][INFO] - Decoder: conditioning[0]
[2023-01-09 14:18:37,129][unit_test.sub][INFO] - Decoder: conditioning[0]
[2023-01-09 14:18:37,141][unit_test.sub][INFO] - Decoder: conditioning[0]
[2023-01-09 14:18:37,152][unit_test.sub][INFO] - Decoder: conditioning[0]
[2023-01-09 14:18:37,163][unit_test.sub][INFO] - Decoder: conditioning[0]
[2023-01-09 14:18:37,174][unit_test.sub][INFO] - Decoder: conditioning[0]
[2023-01-09 14:18:37,186][unit_test.sub][INFO] - Decoder: conditioning[0]
[2023-01-09 14:18:37,197][unit_test.sub][INFO] - Decoder: conditioning[0]
[2023-01-09 14:18:37,208][unit_test.sub][INFO] - Decoder: conditioning[0]
[2023-01-09 14:18:37,219][unit_test.sub][INFO] - Decoder: conditioning[0]
[2023-01-09 14:18:37,230][unit_test.sub][INFO] - Decoder: conditioning[0]
[2023-01-09 14:18:37,242][unit_test.sub][INFO] - Decoder: conditioning[0]
[2023-01-09 14:18:37,253][unit_test.sub][INFO] - Decoder: conditioning[0]
[2023-01-09 14:18:37,264][unit_test.sub][INFO] - Decoder: conditioning[0]
[2023-01-09 14:18:37,275][unit_test.sub][INFO] - Decoder: conditioning[0]
[2023-01-09 14:18:37,286][unit_test.sub][INFO] - Decoder: conditioning[0]
[2023-01-09 14:18:37,298][unit_test.sub][INFO] - Decoder: conditioning[0]
[2023-01-09 14:18:37,309][unit_test.sub][INFO] - Decoder: conditioning[0]
[2023-01-09 14:18:37,321][unit_test.sub][INFO] - Decoder: conditioning[0]
[2023-01-09 14:18:42,314][unit_test.sub][INFO] - Decoder: conditioning[0]
[2023-01-09 14:18:42,651][unit_test.sub][INFO] - Decoder: conditioning[0]
[2023-01-09 14:18:42,670][unit_test.sub][INFO] - Decoder: conditioning[0]
[2023-01-09 14:18:42,686][unit_test.sub][INFO] - Decoder: conditioning[0]
[2023-01-09 14:18:42,702][unit_test.sub][INFO] - Decoder: conditioning[0]
[2023-01-09 14:18:42,718][unit_test.sub][INFO] - Decoder: conditioning[0]
[2023-01-09 14:18:42,794][unit_test.sub][INFO] - Decoder: conditioning[0]
[2023-01-09 14:18:42,821][unit_test.sub][INFO] - Decoder: conditioning[0]
[2023-01-09 14:18:42,843][unit_test.sub][INFO] - Decoder: conditioning[0]
[2023-01-09 14:18:42,857][unit_test.sub][INFO] - Decoder: conditioning[0]
[2023-01-09 14:18:42,872][unit_test.sub][INFO] - Decoder: conditioning[0]
[2023-01-09 14:18:42,886][unit_test.sub][INFO] - Decoder: conditioning[0]
[2023-01-09 14:18:42,901][unit_test.sub][INFO] - Decoder: conditioning[0]
[2023-01-09 14:18:42,915][unit_test.sub][INFO] - Decoder: conditioning[0]
[2023-01-09 14:18:42,930][unit_test.sub][INFO] - Decoder: conditioning[0]
[2023-01-09 14:18:42,944][unit_test.sub][INFO] - Decoder: conditioning[0]
[2023-01-09 14:18:42,959][unit_test.sub][INFO] - Decoder: conditioning[0]
[2023-01-09 14:18:42,974][unit_test.sub][INFO] - Decoder: conditioning[0]
[2023-01-09 14:18:42,989][unit_test.sub][INFO] - Decoder: conditioning[0]
[2023-01-09 14:18:43,003][unit_test.sub][INFO] - Decoder: conditioning[0]
[2023-01-09 14:18:43,018][unit_test.sub][INFO] - Decoder: conditioning[0]
[2023-01-09 14:18:43,032][unit_test.sub][INFO] - Decoder: conditioning[0]
[2023-01-09 14:18:43,047][unit_test.sub][INFO] - Decoder: conditioning[0]
[2023-01-09 14:18:43,061][unit_test.sub][INFO] - Decoder: conditioning[0]
[2023-01-09 14:18:43,076][unit_test.sub][INFO] - Decoder: conditioning[0]
[2023-01-09 14:18:43,138][unit_test.sub][INFO] - Decoder: conditioning[0]
[2023-01-09 14:18:43,152][unit_test.sub][INFO] - Decoder: conditioning[0]
[2023-01-09 14:18:43,165][unit_test.sub][INFO] - Decoder: conditioning[0]
[2023-01-09 14:18:43,179][unit_test.sub][INFO] - Decoder: conditioning[0]
[2023-01-09 14:18:43,193][unit_test.sub][INFO] - Decoder: conditioning[0]
[2023-01-09 14:18:43,208][unit_test.sub][INFO] - Decoder: conditioning[0]
[2023-01-09 14:18:43,222][unit_test.sub][INFO] - Decoder: conditioning[0]
[2023-01-09 14:18:43,237][unit_test.sub][INFO] - Decoder: conditioning[0]
[2023-01-09 14:18:43,252][unit_test.sub][INFO] - Decoder: conditioning[0]
[2023-01-09 14:18:43,266][unit_test.sub][INFO] - Decoder: conditioning[0]
[2023-01-09 14:18:43,281][unit_test.sub][INFO] - Decoder: conditioning[0]
[2023-01-09 14:18:43,371][unit_test.sub][INFO] - Decoder: conditioning[0]
[2023-01-09 14:18:43,739][unit_test.sub][INFO] - Decoder: conditioning[0]
[2023-01-09 14:18:43,761][unit_test.sub][INFO] - Decoder: conditioning[0]
[2023-01-09 14:18:43,776][unit_test.sub][INFO] - Decoder: conditioning[0]
[2023-01-09 14:18:43,791][unit_test.sub][INFO] - Decoder: conditioning[0]
[2023-01-09 14:18:43,807][unit_test.sub][INFO] - Decoder: conditioning[0]
[2023-01-09 14:18:43,850][unit_test.sub][INFO] - Decoder: conditioning[0]
[2023-01-09 14:18:43,866][unit_test.sub][INFO] - Decoder: conditioning[0]
[2023-01-09 14:18:43,880][unit_test.sub][INFO] - Decoder: conditioning[0]
[2023-01-09 14:18:43,894][unit_test.sub][INFO] - Decoder: conditioning[0]
[2023-01-09 14:18:43,908][unit_test.sub][INFO] - Decoder: conditioning[0]
[2023-01-09 14:18:43,923][unit_test.sub][INFO] - Decoder: conditioning[0]
[2023-01-09 14:18:43,937][unit_test.sub][INFO] - Decoder: conditioning[0]
[2023-01-09 14:18:43,952][unit_test.sub][INFO] - Decoder: conditioning[0]
[2023-01-09 14:18:43,967][unit_test.sub][INFO] - Decoder: conditioning[0]
[2023-01-09 14:18:43,982][unit_test.sub][INFO] - Decoder: conditioning[0]
[2023-01-09 14:18:43,997][unit_test.sub][INFO] - Decoder: conditioning[0]
[2023-01-09 14:18:44,011][unit_test.sub][INFO] - Decoder: conditioning[0]
[2023-01-09 14:18:44,025][unit_test.sub][INFO] - Decoder: conditioning[0]
[2023-01-09 14:18:44,040][unit_test.sub][INFO] - Decoder: conditioning[0]
[2023-01-09 14:18:44,054][unit_test.sub][INFO] - Decoder: conditioning[0]
[2023-01-09 14:18:44,069][unit_test.sub][INFO] - Decoder: conditioning[0]
[2023-01-09 14:18:44,084][unit_test.sub][INFO] - Decoder: conditioning[0]
[2023-01-09 14:18:44,098][unit_test.sub][INFO] - Decoder: conditioning[0]
[2023-01-09 14:18:44,112][unit_test.sub][INFO] - Decoder: conditioning[0]
[2023-01-09 14:18:44,152][unit_test.sub][INFO] - Decoder: conditioning[0]
[2023-01-09 14:18:44,167][unit_test.sub][INFO] - Decoder: conditioning[0]
[2023-01-09 14:18:44,177][unit_test.sub][INFO] - Decoder: conditioning[0]
[2023-01-09 14:18:44,188][unit_test.sub][INFO] - Decoder: conditioning[0]
[2023-01-09 14:18:44,198][unit_test.sub][INFO] - Decoder: conditioning[0]
[2023-01-09 14:18:44,208][unit_test.sub][INFO] - Decoder: conditioning[0]
[2023-01-09 14:18:44,218][unit_test.sub][INFO] - Decoder: conditioning[0]
[2023-01-09 14:18:44,229][unit_test.sub][INFO] - Decoder: conditioning[0]
[2023-01-09 14:18:44,239][unit_test.sub][INFO] - Decoder: conditioning[0]
[2023-01-09 14:18:44,250][unit_test.sub][INFO] - Decoder: conditioning[0]
[2023-01-09 14:18:44,270][unit_test.sub][INFO] - Decoder: conditioning[0]
[2023-01-09 14:18:44,363][unit_test.sub][INFO] - Decoder: conditioning[0]
[2023-01-09 14:18:44,740][unit_test.sub][INFO] - Decoder: conditioning[0]
[2023-01-09 14:18:44,753][unit_test.sub][INFO] - Decoder: conditioning[0]
[2023-01-09 14:18:44,765][unit_test.sub][INFO] - Decoder: conditioning[0]
[2023-01-09 14:18:44,776][unit_test.sub][INFO] - Decoder: conditioning[0]
[2023-01-09 14:18:44,787][unit_test.sub][INFO] - Decoder: conditioning[0]
[2023-01-09 14:18:44,837][unit_test.sub][INFO] - Decoder: conditioning[0]
[2023-01-09 14:18:44,853][unit_test.sub][INFO] - Decoder: conditioning[0]
[2023-01-09 14:18:44,864][unit_test.sub][INFO] - Decoder: conditioning[0]
[2023-01-09 14:18:44,875][unit_test.sub][INFO] - Decoder: conditioning[0]
[2023-01-09 14:18:44,886][unit_test.sub][INFO] - Decoder: conditioning[0]
[2023-01-09 14:18:44,897][unit_test.sub][INFO] - Decoder: conditioning[0]
[2023-01-09 14:18:44,907][unit_test.sub][INFO] - Decoder: conditioning[0]
[2023-01-09 14:18:44,918][unit_test.sub][INFO] - Decoder: conditioning[0]
[2023-01-09 14:18:44,929][unit_test.sub][INFO] - Decoder: conditioning[0]
[2023-01-09 14:18:44,939][unit_test.sub][INFO] - Decoder: conditioning[0]
[2023-01-09 14:18:44,950][unit_test.sub][INFO] - Decoder: conditioning[0]
[2023-01-09 14:18:44,960][unit_test.sub][INFO] - Decoder: conditioning[0]
[2023-01-09 14:18:44,971][unit_test.sub][INFO] - Decoder: conditioning[0]
[2023-01-09 14:18:44,981][unit_test.sub][INFO] - Decoder: conditioning[0]
[2023-01-09 14:18:44,992][unit_test.sub][INFO] - Decoder: conditioning[0]
[2023-01-09 14:18:45,002][unit_test.sub][INFO] - Decoder: conditioning[0]
[2023-01-09 14:18:45,012][unit_test.sub][INFO] - Decoder: conditioning[0]
[2023-01-09 14:18:45,023][unit_test.sub][INFO] - Decoder: conditioning[0]
[2023-01-09 14:18:45,033][unit_test.sub][INFO] - Decoder: conditioning[0]
[2023-01-09 14:18:45,075][unit_test.sub][INFO] - Decoder: conditioning[0]
[2023-01-09 14:18:45,091][unit_test.sub][INFO] - Decoder: conditioning[0]
[2023-01-09 14:18:45,101][unit_test.sub][INFO] - Decoder: conditioning[0]
[2023-01-09 14:18:45,112][unit_test.sub][INFO] - Decoder: conditioning[0]
[2023-01-09 14:18:45,122][unit_test.sub][INFO] - Decoder: conditioning[0]
[2023-01-09 14:18:45,132][unit_test.sub][INFO] - Decoder: conditioning[0]
[2023-01-09 14:18:45,142][unit_test.sub][INFO] - Decoder: conditioning[0]
[2023-01-09 14:18:45,153][unit_test.sub][INFO] - Decoder: conditioning[0]
[2023-01-09 14:18:45,163][unit_test.sub][INFO] - Decoder: conditioning[0]
[2023-01-09 14:18:45,173][unit_test.sub][INFO] - Decoder: conditioning[0]
[2023-01-09 14:18:45,195][unit_test.sub][INFO] - Decoder: conditioning[0]
[2023-01-09 14:18:45,289][unit_test.sub][INFO] - Decoder: conditioning[0]
[2023-01-09 14:18:45,528][unit_test.sub][INFO] - Decoder: conditioning[0]
[2023-01-09 14:18:45,542][unit_test.sub][INFO] - Decoder: conditioning[0]
[2023-01-09 14:18:45,555][unit_test.sub][INFO] - Decoder: conditioning[0]
[2023-01-09 14:18:45,566][unit_test.sub][INFO] - Decoder: conditioning[0]
[2023-01-09 14:18:45,577][unit_test.sub][INFO] - Decoder: conditioning[0]
[2023-01-09 14:18:45,624][unit_test.sub][INFO] - Decoder: conditioning[0]
[2023-01-09 14:18:45,642][unit_test.sub][INFO] - Decoder: conditioning[0]
[2023-01-09 14:18:45,654][unit_test.sub][INFO] - Decoder: conditioning[0]
[2023-01-09 14:18:45,665][unit_test.sub][INFO] - Decoder: conditioning[0]
[2023-01-09 14:18:45,675][unit_test.sub][INFO] - Decoder: conditioning[0]
[2023-01-09 14:18:45,686][unit_test.sub][INFO] - Decoder: conditioning[0]
[2023-01-09 14:18:45,697][unit_test.sub][INFO] - Decoder: conditioning[0]
[2023-01-09 14:18:45,707][unit_test.sub][INFO] - Decoder: conditioning[0]
[2023-01-09 14:18:45,717][unit_test.sub][INFO] - Decoder: conditioning[0]
[2023-01-09 14:18:45,728][unit_test.sub][INFO] - Decoder: conditioning[0]
[2023-01-09 14:18:45,738][unit_test.sub][INFO] - Decoder: conditioning[0]
[2023-01-09 14:18:45,748][unit_test.sub][INFO] - Decoder: conditioning[0]
[2023-01-09 14:18:45,759][unit_test.sub][INFO] - Decoder: conditioning[0]
[2023-01-09 14:18:45,769][unit_test.sub][INFO] - Decoder: conditioning[0]
[2023-01-09 14:18:45,779][unit_test.sub][INFO] - Decoder: conditioning[0]
[2023-01-09 14:18:45,790][unit_test.sub][INFO] - Decoder: conditioning[0]
