[2023-01-09 15:58:12,408][unit_test][INFO] - Generation start!
[2023-01-09 15:58:12,410][root][INFO] - Instantiating datamodule <src.dataio.akwd_datamodule.AWKDDataModule>
[2023-01-09 15:58:12,468][root][INFO] - Instantiating model <src.models.cvae.LitCVAE>
[2023-01-09 15:58:12,486][root][INFO] - Instantiating loggers...
[2023-01-09 15:58:18,625][root][INFO] - Instantiating callbacks...
[2023-01-09 15:58:18,626][root][INFO] - Instantiating trainer <pytorch_lightning.Trainer>
[2023-01-09 15:58:22,685][unit_test.sub][INFO] - Decoder: conditioning[0]
[2023-01-09 15:58:22,760][unit_test.sub][INFO] - Decoder: conditioning[0]
[2023-01-09 15:58:25,508][unit_test.sub][INFO] - Decoder: conditioning[0]
[2023-01-09 15:58:25,757][unit_test.sub][INFO] - Decoder: conditioning[0]
[2023-01-09 15:58:25,846][unit_test.sub][INFO] - Decoder: conditioning[0]
[2023-01-09 15:58:25,892][unit_test.sub][INFO] - Decoder: conditioning[0]
[2023-01-09 15:58:25,964][unit_test.sub][INFO] - Decoder: conditioning[0]
[2023-01-09 15:58:26,016][unit_test.sub][INFO] - Decoder: conditioning[0]
[2023-01-09 15:58:26,059][unit_test.sub][INFO] - Decoder: conditioning[0]
[2023-01-09 15:58:26,106][unit_test.sub][INFO] - Decoder: conditioning[0]
[2023-01-09 15:58:26,206][unit_test.sub][INFO] - Decoder: conditioning[0]
[2023-01-09 15:58:26,263][unit_test.sub][INFO] - Decoder: conditioning[0]
[2023-01-09 15:58:26,331][unit_test.sub][INFO] - Decoder: conditioning[0]
[2023-01-09 15:58:26,444][unit_test.sub][INFO] - Decoder: conditioning[0]
[2023-01-09 15:58:26,505][unit_test.sub][INFO] - Decoder: conditioning[0]
[2023-01-09 15:58:26,563][unit_test.sub][INFO] - Decoder: conditioning[0]
[2023-01-09 15:58:26,678][unit_test.sub][INFO] - Decoder: conditioning[0]
[2023-01-09 15:58:26,709][unit_test.sub][INFO] - Decoder: conditioning[0]
[2023-01-09 15:58:26,768][unit_test.sub][INFO] - Decoder: conditioning[0]
[2023-01-09 15:58:26,822][unit_test.sub][INFO] - Decoder: conditioning[0]
[2023-01-09 15:58:26,870][unit_test.sub][INFO] - Decoder: conditioning[0]
[2023-01-09 15:58:27,030][unit_test.sub][INFO] - Decoder: conditioning[0]
[2023-01-09 15:58:27,091][unit_test.sub][INFO] - Decoder: conditioning[0]
[2023-01-09 15:58:27,136][unit_test.sub][INFO] - Decoder: conditioning[0]
[2023-01-09 15:58:27,177][unit_test.sub][INFO] - Decoder: conditioning[0]
[2023-01-09 15:58:27,314][unit_test.sub][INFO] - Decoder: conditioning[0]
[2023-01-09 15:58:27,362][unit_test.sub][INFO] - Decoder: conditioning[0]
[2023-01-09 15:58:27,395][unit_test.sub][INFO] - Decoder: conditioning[0]
[2023-01-09 15:58:27,443][unit_test.sub][INFO] - Decoder: conditioning[0]
[2023-01-09 15:58:27,488][unit_test.sub][INFO] - Decoder: conditioning[0]
[2023-01-09 15:58:27,531][unit_test.sub][INFO] - Decoder: conditioning[0]
[2023-01-09 15:58:27,577][unit_test.sub][INFO] - Decoder: conditioning[0]
[2023-01-09 15:58:27,619][unit_test.sub][INFO] - Decoder: conditioning[0]
[2023-01-09 15:58:27,662][unit_test.sub][INFO] - Decoder: conditioning[0]
[2023-01-09 15:58:27,847][unit_test.sub][INFO] - Decoder: conditioning[0]
[2023-01-09 15:58:27,917][unit_test.sub][INFO] - Decoder: conditioning[0]
[2023-01-09 15:58:27,968][unit_test.sub][INFO] - Decoder: conditioning[0]
[2023-01-09 15:58:28,014][unit_test.sub][INFO] - Decoder: conditioning[0]
[2023-01-09 15:58:28,088][unit_test.sub][INFO] - Decoder: conditioning[0]
[2023-01-09 15:58:28,136][unit_test.sub][INFO] - Decoder: conditioning[0]
[2023-01-09 15:58:28,183][unit_test.sub][INFO] - Decoder: conditioning[0]
[2023-01-09 15:58:28,229][unit_test.sub][INFO] - Decoder: conditioning[0]
[2023-01-09 15:58:28,275][unit_test.sub][INFO] - Decoder: conditioning[0]
[2023-01-09 15:58:28,322][unit_test.sub][INFO] - Decoder: conditioning[0]
[2023-01-09 15:58:28,368][unit_test.sub][INFO] - Decoder: conditioning[0]
[2023-01-09 15:58:28,414][unit_test.sub][INFO] - Decoder: conditioning[0]
[2023-01-09 15:58:28,470][unit_test.sub][INFO] - Decoder: conditioning[0]
[2023-01-09 15:58:28,515][unit_test.sub][INFO] - Decoder: conditioning[0]
[2023-01-09 15:58:28,573][unit_test.sub][INFO] - Decoder: conditioning[0]
[2023-01-09 15:58:28,657][unit_test.sub][INFO] - Decoder: conditioning[0]
[2023-01-09 15:58:28,700][unit_test.sub][INFO] - Decoder: conditioning[0]
[2023-01-09 15:58:28,769][unit_test.sub][INFO] - Decoder: conditioning[0]
[2023-01-09 15:58:28,952][unit_test.sub][INFO] - Decoder: conditioning[0]
[2023-01-09 15:58:29,016][unit_test.sub][INFO] - Decoder: conditioning[0]
[2023-01-09 15:58:29,062][unit_test.sub][INFO] - Decoder: conditioning[0]
[2023-01-09 15:58:29,103][unit_test.sub][INFO] - Decoder: conditioning[0]
[2023-01-09 15:58:29,144][unit_test.sub][INFO] - Decoder: conditioning[0]
[2023-01-09 15:58:29,263][unit_test.sub][INFO] - Decoder: conditioning[0]
[2023-01-09 15:58:29,324][unit_test.sub][INFO] - Decoder: conditioning[0]
[2023-01-09 15:58:29,369][unit_test.sub][INFO] - Decoder: conditioning[0]
[2023-01-09 15:58:29,413][unit_test.sub][INFO] - Decoder: conditioning[0]
[2023-01-09 15:58:29,553][unit_test.sub][INFO] - Decoder: conditioning[0]
[2023-01-09 15:58:29,603][unit_test.sub][INFO] - Decoder: conditioning[0]
[2023-01-09 15:58:29,647][unit_test.sub][INFO] - Decoder: conditioning[0]
[2023-01-09 15:58:29,692][unit_test.sub][INFO] - Decoder: conditioning[0]
[2023-01-09 15:58:29,736][unit_test.sub][INFO] - Decoder: conditioning[0]
[2023-01-09 15:58:29,781][unit_test.sub][INFO] - Decoder: conditioning[0]
[2023-01-09 15:58:29,826][unit_test.sub][INFO] - Decoder: conditioning[0]
[2023-01-09 15:58:29,868][unit_test.sub][INFO] - Decoder: conditioning[0]
[2023-01-09 15:58:29,910][unit_test.sub][INFO] - Decoder: conditioning[0]
[2023-01-09 15:58:30,068][unit_test.sub][INFO] - Decoder: conditioning[0]
[2023-01-09 15:58:30,110][unit_test.sub][INFO] - Decoder: conditioning[0]
[2023-01-09 15:58:30,148][unit_test.sub][INFO] - Decoder: conditioning[0]
[2023-01-09 15:58:30,191][unit_test.sub][INFO] - Decoder: conditioning[0]
[2023-01-09 15:58:30,256][unit_test.sub][INFO] - Decoder: conditioning[0]
[2023-01-09 15:58:30,298][unit_test.sub][INFO] - Decoder: conditioning[0]
[2023-01-09 15:58:30,345][unit_test.sub][INFO] - Decoder: conditioning[0]
[2023-01-09 15:58:30,394][unit_test.sub][INFO] - Decoder: conditioning[0]
[2023-01-09 15:58:30,440][unit_test.sub][INFO] - Decoder: conditioning[0]
[2023-01-09 15:58:30,483][unit_test.sub][INFO] - Decoder: conditioning[0]
[2023-01-09 15:58:30,529][unit_test.sub][INFO] - Decoder: conditioning[0]
[2023-01-09 15:58:30,574][unit_test.sub][INFO] - Decoder: conditioning[0]
[2023-01-09 15:58:30,633][unit_test.sub][INFO] - Decoder: conditioning[0]
[2023-01-09 15:58:30,681][unit_test.sub][INFO] - Decoder: conditioning[0]
[2023-01-09 15:58:30,747][unit_test.sub][INFO] - Decoder: conditioning[0]
[2023-01-09 15:58:30,842][unit_test.sub][INFO] - Decoder: conditioning[0]
[2023-01-09 15:58:30,884][unit_test.sub][INFO] - Decoder: conditioning[0]
[2023-01-09 15:58:30,941][unit_test.sub][INFO] - Decoder: conditioning[0]
[2023-01-09 15:58:31,069][unit_test.sub][INFO] - Decoder: conditioning[0]
[2023-01-09 15:58:31,120][unit_test.sub][INFO] - Decoder: conditioning[0]
[2023-01-09 15:58:31,171][unit_test.sub][INFO] - Decoder: conditioning[0]
[2023-01-09 15:58:31,220][unit_test.sub][INFO] - Decoder: conditioning[0]
[2023-01-09 15:58:31,265][unit_test.sub][INFO] - Decoder: conditioning[0]
[2023-01-09 15:58:31,353][unit_test.sub][INFO] - Decoder: conditioning[0]
[2023-01-09 15:58:31,394][unit_test.sub][INFO] - Decoder: conditioning[0]
[2023-01-09 15:58:31,436][unit_test.sub][INFO] - Decoder: conditioning[0]
[2023-01-09 15:58:31,478][unit_test.sub][INFO] - Decoder: conditioning[0]
[2023-01-09 15:58:31,547][unit_test.sub][INFO] - Decoder: conditioning[0]
[2023-01-09 15:58:31,597][unit_test.sub][INFO] - Decoder: conditioning[0]
[2023-01-09 15:58:31,630][unit_test.sub][INFO] - Decoder: conditioning[0]
[2023-01-09 15:58:31,676][unit_test.sub][INFO] - Decoder: conditioning[0]
[2023-01-09 15:58:34,200][unit_test.sub][INFO] - Decoder: conditioning[0]
[2023-01-09 15:58:34,278][unit_test.sub][INFO] - Decoder: conditioning[0]
[2023-01-09 15:58:34,427][unit_test.sub][INFO] - Decoder: conditioning[0]
[2023-01-09 15:58:34,443][unit_test.sub][INFO] - Decoder: conditioning[0]
[2023-01-09 15:58:34,456][unit_test.sub][INFO] - Decoder: conditioning[0]
[2023-01-09 15:58:34,468][unit_test.sub][INFO] - Decoder: conditioning[0]
[2023-01-09 15:58:34,480][unit_test.sub][INFO] - Decoder: conditioning[0]
[2023-01-09 15:58:34,491][unit_test.sub][INFO] - Decoder: conditioning[0]
[2023-01-09 15:58:34,502][unit_test.sub][INFO] - Decoder: conditioning[0]
[2023-01-09 15:58:34,514][unit_test.sub][INFO] - Decoder: conditioning[0]
[2023-01-09 15:58:34,646][unit_test.sub][INFO] - Decoder: conditioning[0]
[2023-01-09 15:58:34,665][unit_test.sub][INFO] - Decoder: conditioning[0]
[2023-01-09 15:58:34,695][unit_test.sub][INFO] - Decoder: conditioning[0]
[2023-01-09 15:58:34,736][unit_test.sub][INFO] - Decoder: conditioning[0]
[2023-01-09 15:58:34,767][unit_test.sub][INFO] - Decoder: conditioning[0]
[2023-01-09 15:58:34,823][unit_test.sub][INFO] - Decoder: conditioning[0]
[2023-01-09 15:58:34,836][unit_test.sub][INFO] - Decoder: conditioning[0]
[2023-01-09 15:58:34,847][unit_test.sub][INFO] - Decoder: conditioning[0]
[2023-01-09 15:58:34,859][unit_test.sub][INFO] - Decoder: conditioning[0]
[2023-01-09 15:58:34,880][unit_test.sub][INFO] - Decoder: conditioning[0]
[2023-01-09 15:58:34,892][unit_test.sub][INFO] - Decoder: conditioning[0]
[2023-01-09 15:58:34,903][unit_test.sub][INFO] - Decoder: conditioning[0]
[2023-01-09 15:58:34,914][unit_test.sub][INFO] - Decoder: conditioning[0]
[2023-01-09 15:58:34,946][unit_test.sub][INFO] - Decoder: conditioning[0]
[2023-01-09 15:58:34,958][unit_test.sub][INFO] - Decoder: conditioning[0]
[2023-01-09 15:58:34,969][unit_test.sub][INFO] - Decoder: conditioning[0]
[2023-01-09 15:58:34,980][unit_test.sub][INFO] - Decoder: conditioning[0]
[2023-01-09 15:58:35,001][unit_test.sub][INFO] - Decoder: conditioning[0]
[2023-01-09 15:58:35,013][unit_test.sub][INFO] - Decoder: conditioning[0]
[2023-01-09 15:58:35,043][unit_test.sub][INFO] - Decoder: conditioning[0]
[2023-01-09 15:58:35,061][unit_test.sub][INFO] - Decoder: conditioning[0]
[2023-01-09 15:58:35,086][unit_test.sub][INFO] - Decoder: conditioning[0]
[2023-01-09 15:58:38,422][unit_test.sub][INFO] - Decoder: conditioning[0]
[2023-01-09 15:58:38,691][unit_test.sub][INFO] - Decoder: conditioning[0]
[2023-01-09 15:58:38,725][unit_test.sub][INFO] - Decoder: conditioning[0]
[2023-01-09 15:58:38,750][unit_test.sub][INFO] - Decoder: conditioning[0]
[2023-01-09 15:58:38,777][unit_test.sub][INFO] - Decoder: conditioning[0]
[2023-01-09 15:58:38,852][unit_test.sub][INFO] - Decoder: conditioning[0]
[2023-01-09 15:58:38,878][unit_test.sub][INFO] - Decoder: conditioning[0]
[2023-01-09 15:58:38,894][unit_test.sub][INFO] - Decoder: conditioning[0]
[2023-01-09 15:58:38,908][unit_test.sub][INFO] - Decoder: conditioning[0]
[2023-01-09 15:58:38,987][unit_test.sub][INFO] - Decoder: conditioning[0]
[2023-01-09 15:58:39,002][unit_test.sub][INFO] - Decoder: conditioning[0]
[2023-01-09 15:58:39,015][unit_test.sub][INFO] - Decoder: conditioning[0]
[2023-01-09 15:58:39,029][unit_test.sub][INFO] - Decoder: conditioning[0]
[2023-01-09 15:58:39,043][unit_test.sub][INFO] - Decoder: conditioning[0]
[2023-01-09 15:58:39,058][unit_test.sub][INFO] - Decoder: conditioning[0]
[2023-01-09 15:58:39,072][unit_test.sub][INFO] - Decoder: conditioning[0]
[2023-01-09 15:58:39,087][unit_test.sub][INFO] - Decoder: conditioning[0]
[2023-01-09 15:58:39,101][unit_test.sub][INFO] - Decoder: conditioning[0]
[2023-01-09 15:58:39,116][unit_test.sub][INFO] - Decoder: conditioning[0]
[2023-01-09 15:58:39,130][unit_test.sub][INFO] - Decoder: conditioning[0]
[2023-01-09 15:58:39,145][unit_test.sub][INFO] - Decoder: conditioning[0]
[2023-01-09 15:58:39,176][unit_test.sub][INFO] - Decoder: conditioning[0]
[2023-01-09 15:58:39,193][unit_test.sub][INFO] - Decoder: conditioning[0]
[2023-01-09 15:58:39,206][unit_test.sub][INFO] - Decoder: conditioning[0]
[2023-01-09 15:58:39,220][unit_test.sub][INFO] - Decoder: conditioning[0]
[2023-01-09 15:58:39,233][unit_test.sub][INFO] - Decoder: conditioning[0]
[2023-01-09 15:58:39,247][unit_test.sub][INFO] - Decoder: conditioning[0]
[2023-01-09 15:58:39,261][unit_test.sub][INFO] - Decoder: conditioning[0]
[2023-01-09 15:58:39,275][unit_test.sub][INFO] - Decoder: conditioning[0]
[2023-01-09 15:58:39,289][unit_test.sub][INFO] - Decoder: conditioning[0]
[2023-01-09 15:58:39,304][unit_test.sub][INFO] - Decoder: conditioning[0]
[2023-01-09 15:58:39,319][unit_test.sub][INFO] - Decoder: conditioning[0]
[2023-01-09 15:58:39,334][unit_test.sub][INFO] - Decoder: conditioning[0]
[2023-01-09 15:58:39,348][unit_test.sub][INFO] - Decoder: conditioning[0]
[2023-01-09 15:58:39,363][unit_test.sub][INFO] - Decoder: conditioning[0]
[2023-01-09 15:58:39,378][unit_test.sub][INFO] - Decoder: conditioning[0]
[2023-01-09 15:58:39,500][unit_test.sub][INFO] - Decoder: conditioning[0]
[2023-01-09 15:58:39,810][unit_test.sub][INFO] - Decoder: conditioning[0]
[2023-01-09 15:58:39,831][unit_test.sub][INFO] - Decoder: conditioning[0]
[2023-01-09 15:58:39,858][unit_test.sub][INFO] - Decoder: conditioning[0]
[2023-01-09 15:58:39,874][unit_test.sub][INFO] - Decoder: conditioning[0]
[2023-01-09 15:58:39,922][unit_test.sub][INFO] - Decoder: conditioning[0]
[2023-01-09 15:58:39,936][unit_test.sub][INFO] - Decoder: conditioning[0]
[2023-01-09 15:58:39,950][unit_test.sub][INFO] - Decoder: conditioning[0]
[2023-01-09 15:58:39,964][unit_test.sub][INFO] - Decoder: conditioning[0]
[2023-01-09 15:58:40,044][unit_test.sub][INFO] - Decoder: conditioning[0]
[2023-01-09 15:58:40,070][unit_test.sub][INFO] - Decoder: conditioning[0]
[2023-01-09 15:58:40,085][unit_test.sub][INFO] - Decoder: conditioning[0]
[2023-01-09 15:58:40,099][unit_test.sub][INFO] - Decoder: conditioning[0]
[2023-01-09 15:58:40,115][unit_test.sub][INFO] - Decoder: conditioning[0]
[2023-01-09 15:58:40,129][unit_test.sub][INFO] - Decoder: conditioning[0]
[2023-01-09 15:58:40,143][unit_test.sub][INFO] - Decoder: conditioning[0]
[2023-01-09 15:58:40,157][unit_test.sub][INFO] - Decoder: conditioning[0]
[2023-01-09 15:58:40,172][unit_test.sub][INFO] - Decoder: conditioning[0]
[2023-01-09 15:58:40,186][unit_test.sub][INFO] - Decoder: conditioning[0]
[2023-01-09 15:58:40,201][unit_test.sub][INFO] - Decoder: conditioning[0]
[2023-01-09 15:58:40,215][unit_test.sub][INFO] - Decoder: conditioning[0]
[2023-01-09 15:58:40,245][unit_test.sub][INFO] - Decoder: conditioning[0]
[2023-01-09 15:58:40,258][unit_test.sub][INFO] - Decoder: conditioning[0]
[2023-01-09 15:58:40,271][unit_test.sub][INFO] - Decoder: conditioning[0]
[2023-01-09 15:58:40,283][unit_test.sub][INFO] - Decoder: conditioning[0]
[2023-01-09 15:58:40,298][unit_test.sub][INFO] - Decoder: conditioning[0]
[2023-01-09 15:58:40,311][unit_test.sub][INFO] - Decoder: conditioning[0]
[2023-01-09 15:58:40,322][unit_test.sub][INFO] - Decoder: conditioning[0]
[2023-01-09 15:58:40,332][unit_test.sub][INFO] - Decoder: conditioning[0]
[2023-01-09 15:58:40,342][unit_test.sub][INFO] - Decoder: conditioning[0]
[2023-01-09 15:58:40,352][unit_test.sub][INFO] - Decoder: conditioning[0]
[2023-01-09 15:58:40,363][unit_test.sub][INFO] - Decoder: conditioning[0]
[2023-01-09 15:58:40,373][unit_test.sub][INFO] - Decoder: conditioning[0]
[2023-01-09 15:58:40,383][unit_test.sub][INFO] - Decoder: conditioning[0]
[2023-01-09 15:58:40,393][unit_test.sub][INFO] - Decoder: conditioning[0]
[2023-01-09 15:58:40,403][unit_test.sub][INFO] - Decoder: conditioning[0]
[2023-01-09 15:58:40,470][unit_test.sub][INFO] - Decoder: conditioning[0]
[2023-01-09 15:58:40,826][unit_test.sub][INFO] - Decoder: conditioning[0]
[2023-01-09 15:58:40,841][unit_test.sub][INFO] - Decoder: conditioning[0]
[2023-01-09 15:58:40,853][unit_test.sub][INFO] - Decoder: conditioning[0]
[2023-01-09 15:58:40,863][unit_test.sub][INFO] - Decoder: conditioning[0]
[2023-01-09 15:58:40,896][unit_test.sub][INFO] - Decoder: conditioning[0]
[2023-01-09 15:58:40,907][unit_test.sub][INFO] - Decoder: conditioning[0]
[2023-01-09 15:58:40,917][unit_test.sub][INFO] - Decoder: conditioning[0]
[2023-01-09 15:58:40,927][unit_test.sub][INFO] - Decoder: conditioning[0]
[2023-01-09 15:58:40,992][unit_test.sub][INFO] - Decoder: conditioning[0]
[2023-01-09 15:58:41,004][unit_test.sub][INFO] - Decoder: conditioning[0]
[2023-01-09 15:58:41,014][unit_test.sub][INFO] - Decoder: conditioning[0]
[2023-01-09 15:58:41,024][unit_test.sub][INFO] - Decoder: conditioning[0]
[2023-01-09 15:58:41,034][unit_test.sub][INFO] - Decoder: conditioning[0]
[2023-01-09 15:58:41,044][unit_test.sub][INFO] - Decoder: conditioning[0]
[2023-01-09 15:58:41,054][unit_test.sub][INFO] - Decoder: conditioning[0]
[2023-01-09 15:58:41,065][unit_test.sub][INFO] - Decoder: conditioning[0]
[2023-01-09 15:58:41,075][unit_test.sub][INFO] - Decoder: conditioning[0]
[2023-01-09 15:58:41,085][unit_test.sub][INFO] - Decoder: conditioning[0]
[2023-01-09 15:58:41,095][unit_test.sub][INFO] - Decoder: conditioning[0]
[2023-01-09 15:58:41,105][unit_test.sub][INFO] - Decoder: conditioning[0]
[2023-01-09 15:58:41,127][unit_test.sub][INFO] - Decoder: conditioning[0]
[2023-01-09 15:58:41,137][unit_test.sub][INFO] - Decoder: conditioning[0]
[2023-01-09 15:58:41,147][unit_test.sub][INFO] - Decoder: conditioning[0]
[2023-01-09 15:58:41,157][unit_test.sub][INFO] - Decoder: conditioning[0]
[2023-01-09 15:58:41,167][unit_test.sub][INFO] - Decoder: conditioning[0]
[2023-01-09 15:58:41,178][unit_test.sub][INFO] - Decoder: conditioning[0]
[2023-01-09 15:58:41,188][unit_test.sub][INFO] - Decoder: conditioning[0]
[2023-01-09 15:58:41,198][unit_test.sub][INFO] - Decoder: conditioning[0]
[2023-01-09 15:58:41,208][unit_test.sub][INFO] - Decoder: conditioning[0]
[2023-01-09 15:58:41,218][unit_test.sub][INFO] - Decoder: conditioning[0]
[2023-01-09 15:58:41,229][unit_test.sub][INFO] - Decoder: conditioning[0]
[2023-01-09 15:58:41,239][unit_test.sub][INFO] - Decoder: conditioning[0]
[2023-01-09 15:58:41,249][unit_test.sub][INFO] - Decoder: conditioning[0]
[2023-01-09 15:58:41,259][unit_test.sub][INFO] - Decoder: conditioning[0]
[2023-01-09 15:58:41,269][unit_test.sub][INFO] - Decoder: conditioning[0]
[2023-01-09 15:58:41,299][unit_test.sub][INFO] - Decoder: conditioning[0]
[2023-01-09 15:58:41,490][unit_test.sub][INFO] - Decoder: conditioning[0]
[2023-01-09 15:58:41,509][unit_test.sub][INFO] - Decoder: conditioning[0]
[2023-01-09 15:58:41,521][unit_test.sub][INFO] - Decoder: conditioning[0]
[2023-01-09 15:58:41,533][unit_test.sub][INFO] - Decoder: conditioning[0]
[2023-01-09 15:58:41,565][unit_test.sub][INFO] - Decoder: conditioning[0]
[2023-01-09 15:58:41,576][unit_test.sub][INFO] - Decoder: conditioning[0]
[2023-01-09 15:58:41,587][unit_test.sub][INFO] - Decoder: conditioning[0]
[2023-01-09 15:58:41,597][unit_test.sub][INFO] - Decoder: conditioning[0]
[2023-01-09 15:58:41,650][unit_test.sub][INFO] - Decoder: conditioning[0]
[2023-01-09 15:58:41,672][unit_test.sub][INFO] - Decoder: conditioning[0]
[2023-01-09 15:58:41,689][unit_test.sub][INFO] - Decoder: conditioning[0]
[2023-01-09 15:58:41,700][unit_test.sub][INFO] - Decoder: conditioning[0]
[2023-01-09 15:58:41,711][unit_test.sub][INFO] - Decoder: conditioning[0]
[2023-01-09 15:58:41,721][unit_test.sub][INFO] - Decoder: conditioning[0]
[2023-01-09 15:58:41,731][unit_test.sub][INFO] - Decoder: conditioning[0]
[2023-01-09 15:58:41,741][unit_test.sub][INFO] - Decoder: conditioning[0]
[2023-01-09 15:58:41,752][unit_test.sub][INFO] - Decoder: conditioning[0]
[2023-01-09 15:58:41,762][unit_test.sub][INFO] - Decoder: conditioning[0]
[2023-01-09 15:58:41,772][unit_test.sub][INFO] - Decoder: conditioning[0]
[2023-01-09 15:58:41,782][unit_test.sub][INFO] - Decoder: conditioning[0]
[2023-01-09 15:58:41,803][unit_test.sub][INFO] - Decoder: conditioning[0]
