[2023-01-10 01:09:47,506][unit_test][INFO] - Generation start!
[2023-01-10 01:09:47,511][root][INFO] - Instantiating datamodule <src.dataio.akwd_datamodule.AWKDDataModule>
[2023-01-10 01:09:47,615][root][INFO] - Instantiating model <src.models.cvae.LitCVAE>
[2023-01-10 01:09:47,636][root][INFO] - Instantiating loggers...
[2023-01-10 01:09:53,754][root][INFO] - Instantiating callbacks...
[2023-01-10 01:09:53,759][root][INFO] - Instantiating trainer <pytorch_lightning.Trainer>
[2023-01-10 01:09:57,455][unit_test.sub][INFO] - Encoder: conditioning[0]
[2023-01-10 01:09:58,680][unit_test.sub][INFO] - Encoder: conditioning[1]
[2023-01-10 01:09:58,682][unit_test.sub][INFO] - Encoder: conditioning[2]
[2023-01-10 01:09:58,684][unit_test.sub][INFO] - Encoder: conditioning[3]
[2023-01-10 01:09:58,686][unit_test.sub][INFO] - Decoder: conditioning[0]
[2023-01-10 01:09:58,688][unit_test.sub][INFO] - Decoder: conditioning[1]
[2023-01-10 01:09:58,690][unit_test.sub][INFO] - Decoder: conditioning[2]
[2023-01-10 01:09:58,692][unit_test.sub][INFO] - Decoder: conditioning[3]
[2023-01-10 01:09:58,842][unit_test.sub][INFO] - Encoder: conditioning[0]
[2023-01-10 01:09:58,843][unit_test.sub][INFO] - Encoder: conditioning[1]
[2023-01-10 01:09:58,844][unit_test.sub][INFO] - Encoder: conditioning[2]
[2023-01-10 01:09:58,846][unit_test.sub][INFO] - Encoder: conditioning[3]
[2023-01-10 01:09:58,847][unit_test.sub][INFO] - Decoder: conditioning[0]
[2023-01-10 01:09:58,849][unit_test.sub][INFO] - Decoder: conditioning[1]
[2023-01-10 01:09:58,851][unit_test.sub][INFO] - Decoder: conditioning[2]
[2023-01-10 01:09:58,852][unit_test.sub][INFO] - Decoder: conditioning[3]
