[2023-01-10 01:00:53,563][unit_test][INFO] - Generation start!
[2023-01-10 01:00:53,565][root][INFO] - Instantiating datamodule <src.dataio.akwd_datamodule.AWKDDataModule>
[2023-01-10 01:00:53,625][root][INFO] - Instantiating model <src.models.cvae.LitCVAE>
[2023-01-10 01:00:53,646][root][INFO] - Instantiating loggers...
[2023-01-10 01:00:59,768][root][INFO] - Instantiating callbacks...
[2023-01-10 01:00:59,773][root][INFO] - Instantiating trainer <pytorch_lightning.Trainer>
[2023-01-10 01:01:03,386][unit_test.sub][INFO] - Encoder: conditioning[0]
[2023-01-10 01:01:04,588][unit_test.sub][INFO] - Encoder: conditioning[1]
[2023-01-10 01:01:04,591][unit_test.sub][INFO] - Encoder: conditioning[2]
[2023-01-10 01:01:04,592][unit_test.sub][INFO] - Encoder: conditioning[3]
[2023-01-10 01:01:04,595][unit_test.sub][INFO] - Decoder: conditioning[0]
[2023-01-10 01:01:04,597][unit_test.sub][INFO] - Decoder: conditioning[1]
[2023-01-10 01:01:04,598][unit_test.sub][INFO] - Decoder: conditioning[2]
[2023-01-10 01:01:04,600][unit_test.sub][INFO] - Decoder: conditioning[3]
[2023-01-10 01:01:04,750][unit_test.sub][INFO] - Encoder: conditioning[0]
[2023-01-10 01:01:04,751][unit_test.sub][INFO] - Encoder: conditioning[1]
[2023-01-10 01:01:04,753][unit_test.sub][INFO] - Encoder: conditioning[2]
[2023-01-10 01:01:04,754][unit_test.sub][INFO] - Encoder: conditioning[3]
[2023-01-10 01:01:04,756][unit_test.sub][INFO] - Decoder: conditioning[0]
[2023-01-10 01:01:04,757][unit_test.sub][INFO] - Decoder: conditioning[1]
[2023-01-10 01:01:04,759][unit_test.sub][INFO] - Decoder: conditioning[2]
[2023-01-10 01:01:04,761][unit_test.sub][INFO] - Decoder: conditioning[3]
