[2023-01-09 14:59:33,028][unit_test][INFO] - Generation start!
[2023-01-09 14:59:33,033][root][INFO] - Instantiating datamodule <src.dataio.akwd_datamodule.AWKDDataModule>
[2023-01-09 14:59:33,122][root][INFO] - Instantiating model <src.models.cvae.LitCVAE>
[2023-01-09 14:59:33,144][root][INFO] - Instantiating loggers...
[2023-01-09 14:59:39,267][root][INFO] - Instantiating callbacks...
[2023-01-09 14:59:39,268][root][INFO] - Instantiating trainer <pytorch_lightning.Trainer>
[2023-01-09 14:59:43,210][unit_test.sub][INFO] - Decoder: conditioning[0]
[2023-01-09 14:59:43,314][unit_test.sub][INFO] - Decoder: conditioning[0]
[2023-01-09 14:59:46,226][unit_test.sub][INFO] - Decoder: conditioning[0]
[2023-01-09 14:59:46,460][unit_test.sub][INFO] - Decoder: conditioning[0]
[2023-01-09 14:59:46,552][unit_test.sub][INFO] - Decoder: conditioning[0]
[2023-01-09 14:59:46,610][unit_test.sub][INFO] - Decoder: conditioning[0]
[2023-01-09 14:59:46,657][unit_test.sub][INFO] - Decoder: conditioning[0]
[2023-01-09 14:59:46,698][unit_test.sub][INFO] - Decoder: conditioning[0]
[2023-01-09 14:59:46,742][unit_test.sub][INFO] - Decoder: conditioning[0]
[2023-01-09 14:59:46,798][unit_test.sub][INFO] - Decoder: conditioning[0]
[2023-01-09 14:59:46,846][unit_test.sub][INFO] - Decoder: conditioning[0]
[2023-01-09 14:59:46,886][unit_test.sub][INFO] - Decoder: conditioning[0]
[2023-01-09 14:59:46,928][unit_test.sub][INFO] - Decoder: conditioning[0]
[2023-01-09 14:59:46,977][unit_test.sub][INFO] - Decoder: conditioning[0]
[2023-01-09 14:59:47,040][unit_test.sub][INFO] - Decoder: conditioning[0]
[2023-01-09 14:59:47,161][unit_test.sub][INFO] - Decoder: conditioning[0]
[2023-01-09 14:59:47,220][unit_test.sub][INFO] - Decoder: conditioning[0]
[2023-01-09 14:59:47,271][unit_test.sub][INFO] - Decoder: conditioning[0]
[2023-01-09 14:59:47,318][unit_test.sub][INFO] - Decoder: conditioning[0]
[2023-01-09 14:59:47,370][unit_test.sub][INFO] - Decoder: conditioning[0]
[2023-01-09 14:59:47,441][unit_test.sub][INFO] - Decoder: conditioning[0]
[2023-01-09 14:59:47,483][unit_test.sub][INFO] - Decoder: conditioning[0]
[2023-01-09 14:59:47,694][unit_test.sub][INFO] - Decoder: conditioning[0]
[2023-01-09 14:59:47,751][unit_test.sub][INFO] - Decoder: conditioning[0]
[2023-01-09 14:59:47,798][unit_test.sub][INFO] - Decoder: conditioning[0]
[2023-01-09 14:59:47,847][unit_test.sub][INFO] - Decoder: conditioning[0]
[2023-01-09 14:59:47,880][unit_test.sub][INFO] - Decoder: conditioning[0]
[2023-01-09 14:59:48,116][unit_test.sub][INFO] - Decoder: conditioning[0]
[2023-01-09 14:59:48,170][unit_test.sub][INFO] - Decoder: conditioning[0]
[2023-01-09 14:59:48,216][unit_test.sub][INFO] - Decoder: conditioning[0]
[2023-01-09 14:59:48,257][unit_test.sub][INFO] - Decoder: conditioning[0]
[2023-01-09 14:59:48,297][unit_test.sub][INFO] - Decoder: conditioning[0]
[2023-01-09 14:59:48,335][unit_test.sub][INFO] - Decoder: conditioning[0]
[2023-01-09 14:59:48,379][unit_test.sub][INFO] - Decoder: conditioning[0]
[2023-01-09 14:59:48,425][unit_test.sub][INFO] - Decoder: conditioning[0]
[2023-01-09 14:59:48,469][unit_test.sub][INFO] - Decoder: conditioning[0]
[2023-01-09 14:59:48,527][unit_test.sub][INFO] - Decoder: conditioning[0]
[2023-01-09 14:59:48,571][unit_test.sub][INFO] - Decoder: conditioning[0]
[2023-01-09 14:59:48,616][unit_test.sub][INFO] - Decoder: conditioning[0]
[2023-01-09 14:59:48,710][unit_test.sub][INFO] - Decoder: conditioning[0]
[2023-01-09 14:59:48,836][unit_test.sub][INFO] - Decoder: conditioning[0]
[2023-01-09 14:59:48,884][unit_test.sub][INFO] - Decoder: conditioning[0]
[2023-01-09 14:59:48,941][unit_test.sub][INFO] - Decoder: conditioning[0]
[2023-01-09 14:59:48,988][unit_test.sub][INFO] - Decoder: conditioning[0]
[2023-01-09 14:59:49,035][unit_test.sub][INFO] - Decoder: conditioning[0]
[2023-01-09 14:59:49,081][unit_test.sub][INFO] - Decoder: conditioning[0]
[2023-01-09 14:59:49,126][unit_test.sub][INFO] - Decoder: conditioning[0]
[2023-01-09 14:59:49,171][unit_test.sub][INFO] - Decoder: conditioning[0]
[2023-01-09 14:59:49,213][unit_test.sub][INFO] - Decoder: conditioning[0]
[2023-01-09 14:59:49,253][unit_test.sub][INFO] - Decoder: conditioning[0]
[2023-01-09 14:59:49,296][unit_test.sub][INFO] - Decoder: conditioning[0]
[2023-01-09 14:59:49,406][unit_test.sub][INFO] - Decoder: conditioning[0]
[2023-01-09 14:59:49,453][unit_test.sub][INFO] - Decoder: conditioning[0]
[2023-01-09 14:59:49,508][unit_test.sub][INFO] - Decoder: conditioning[0]
[2023-01-09 14:59:49,553][unit_test.sub][INFO] - Decoder: conditioning[0]
[2023-01-09 14:59:49,597][unit_test.sub][INFO] - Decoder: conditioning[0]
[2023-01-09 14:59:49,656][unit_test.sub][INFO] - Decoder: conditioning[0]
[2023-01-09 14:59:49,702][unit_test.sub][INFO] - Decoder: conditioning[0]
[2023-01-09 14:59:49,874][unit_test.sub][INFO] - Decoder: conditioning[0]
[2023-01-09 14:59:49,916][unit_test.sub][INFO] - Decoder: conditioning[0]
[2023-01-09 14:59:49,958][unit_test.sub][INFO] - Decoder: conditioning[0]
[2023-01-09 14:59:50,000][unit_test.sub][INFO] - Decoder: conditioning[0]
[2023-01-09 14:59:50,035][unit_test.sub][INFO] - Decoder: conditioning[0]
[2023-01-09 14:59:50,225][unit_test.sub][INFO] - Decoder: conditioning[0]
[2023-01-09 14:59:50,268][unit_test.sub][INFO] - Decoder: conditioning[0]
[2023-01-09 14:59:50,311][unit_test.sub][INFO] - Decoder: conditioning[0]
[2023-01-09 14:59:50,355][unit_test.sub][INFO] - Decoder: conditioning[0]
[2023-01-09 14:59:50,400][unit_test.sub][INFO] - Decoder: conditioning[0]
[2023-01-09 14:59:50,447][unit_test.sub][INFO] - Decoder: conditioning[0]
[2023-01-09 14:59:50,494][unit_test.sub][INFO] - Decoder: conditioning[0]
[2023-01-09 14:59:50,541][unit_test.sub][INFO] - Decoder: conditioning[0]
[2023-01-09 14:59:50,588][unit_test.sub][INFO] - Decoder: conditioning[0]
[2023-01-09 14:59:50,658][unit_test.sub][INFO] - Decoder: conditioning[0]
[2023-01-09 14:59:50,703][unit_test.sub][INFO] - Decoder: conditioning[0]
[2023-01-09 14:59:50,746][unit_test.sub][INFO] - Decoder: conditioning[0]
[2023-01-09 14:59:50,813][unit_test.sub][INFO] - Decoder: conditioning[0]
[2023-01-09 14:59:50,903][unit_test.sub][INFO] - Decoder: conditioning[0]
[2023-01-09 14:59:50,957][unit_test.sub][INFO] - Decoder: conditioning[0]
[2023-01-09 14:59:51,007][unit_test.sub][INFO] - Decoder: conditioning[0]
[2023-01-09 14:59:51,056][unit_test.sub][INFO] - Decoder: conditioning[0]
[2023-01-09 14:59:51,102][unit_test.sub][INFO] - Decoder: conditioning[0]
[2023-01-09 14:59:51,135][unit_test.sub][INFO] - Decoder: conditioning[0]
[2023-01-09 14:59:51,170][unit_test.sub][INFO] - Decoder: conditioning[0]
[2023-01-09 14:59:51,215][unit_test.sub][INFO] - Decoder: conditioning[0]
[2023-01-09 14:59:51,259][unit_test.sub][INFO] - Decoder: conditioning[0]
[2023-01-09 14:59:51,298][unit_test.sub][INFO] - Decoder: conditioning[0]
[2023-01-09 14:59:51,339][unit_test.sub][INFO] - Decoder: conditioning[0]
[2023-01-09 14:59:51,438][unit_test.sub][INFO] - Decoder: conditioning[0]
[2023-01-09 14:59:51,478][unit_test.sub][INFO] - Decoder: conditioning[0]
[2023-01-09 14:59:51,544][unit_test.sub][INFO] - Decoder: conditioning[0]
[2023-01-09 14:59:51,600][unit_test.sub][INFO] - Decoder: conditioning[0]
[2023-01-09 14:59:51,657][unit_test.sub][INFO] - Decoder: conditioning[0]
[2023-01-09 14:59:51,724][unit_test.sub][INFO] - Decoder: conditioning[0]
[2023-01-09 14:59:51,764][unit_test.sub][INFO] - Decoder: conditioning[0]
[2023-01-09 14:59:51,878][unit_test.sub][INFO] - Decoder: conditioning[0]
[2023-01-09 14:59:51,921][unit_test.sub][INFO] - Decoder: conditioning[0]
[2023-01-09 14:59:51,963][unit_test.sub][INFO] - Decoder: conditioning[0]
[2023-01-09 14:59:52,005][unit_test.sub][INFO] - Decoder: conditioning[0]
[2023-01-09 14:59:52,050][unit_test.sub][INFO] - Decoder: conditioning[0]
[2023-01-09 14:59:52,108][unit_test.sub][INFO] - Decoder: conditioning[0]
[2023-01-09 14:59:52,156][unit_test.sub][INFO] - Decoder: conditioning[0]
[2023-01-09 14:59:54,758][unit_test.sub][INFO] - Decoder: conditioning[0]
[2023-01-09 14:59:54,774][unit_test.sub][INFO] - Decoder: conditioning[0]
[2023-01-09 14:59:54,786][unit_test.sub][INFO] - Decoder: conditioning[0]
[2023-01-09 14:59:54,808][unit_test.sub][INFO] - Decoder: conditioning[0]
[2023-01-09 14:59:54,825][unit_test.sub][INFO] - Decoder: conditioning[0]
[2023-01-09 14:59:54,848][unit_test.sub][INFO] - Decoder: conditioning[0]
[2023-01-09 14:59:54,859][unit_test.sub][INFO] - Decoder: conditioning[0]
[2023-01-09 14:59:54,870][unit_test.sub][INFO] - Decoder: conditioning[0]
[2023-01-09 14:59:54,882][unit_test.sub][INFO] - Decoder: conditioning[0]
[2023-01-09 14:59:54,911][unit_test.sub][INFO] - Decoder: conditioning[0]
[2023-01-09 14:59:54,967][unit_test.sub][INFO] - Decoder: conditioning[0]
[2023-01-09 14:59:55,143][unit_test.sub][INFO] - Decoder: conditioning[0]
[2023-01-09 14:59:55,171][unit_test.sub][INFO] - Decoder: conditioning[0]
[2023-01-09 14:59:55,187][unit_test.sub][INFO] - Decoder: conditioning[0]
[2023-01-09 14:59:55,218][unit_test.sub][INFO] - Decoder: conditioning[0]
[2023-01-09 14:59:55,235][unit_test.sub][INFO] - Decoder: conditioning[0]
[2023-01-09 14:59:55,287][unit_test.sub][INFO] - Decoder: conditioning[0]
[2023-01-09 14:59:55,301][unit_test.sub][INFO] - Decoder: conditioning[0]
[2023-01-09 14:59:55,347][unit_test.sub][INFO] - Decoder: conditioning[0]
[2023-01-09 14:59:55,360][unit_test.sub][INFO] - Decoder: conditioning[0]
[2023-01-09 14:59:55,409][unit_test.sub][INFO] - Decoder: conditioning[0]
[2023-01-09 14:59:55,431][unit_test.sub][INFO] - Decoder: conditioning[0]
[2023-01-09 14:59:55,444][unit_test.sub][INFO] - Decoder: conditioning[0]
[2023-01-09 14:59:55,475][unit_test.sub][INFO] - Decoder: conditioning[0]
[2023-01-09 14:59:55,502][unit_test.sub][INFO] - Decoder: conditioning[0]
[2023-01-09 14:59:55,524][unit_test.sub][INFO] - Decoder: conditioning[0]
[2023-01-09 14:59:55,537][unit_test.sub][INFO] - Decoder: conditioning[0]
[2023-01-09 14:59:55,549][unit_test.sub][INFO] - Decoder: conditioning[0]
[2023-01-09 14:59:55,560][unit_test.sub][INFO] - Decoder: conditioning[0]
[2023-01-09 14:59:55,572][unit_test.sub][INFO] - Decoder: conditioning[0]
[2023-01-09 14:59:55,583][unit_test.sub][INFO] - Decoder: conditioning[0]
[2023-01-09 14:59:55,594][unit_test.sub][INFO] - Decoder: conditioning[0]
[2023-01-09 14:59:58,716][unit_test.sub][INFO] - Decoder: conditioning[0]
[2023-01-09 14:59:58,781][unit_test.sub][INFO] - Decoder: conditioning[0]
[2023-01-09 14:59:58,794][unit_test.sub][INFO] - Decoder: conditioning[0]
[2023-01-09 14:59:58,831][unit_test.sub][INFO] - Decoder: conditioning[0]
[2023-01-09 14:59:59,073][unit_test.sub][INFO] - Decoder: conditioning[0]
[2023-01-09 14:59:59,118][unit_test.sub][INFO] - Decoder: conditioning[0]
[2023-01-09 14:59:59,135][unit_test.sub][INFO] - Decoder: conditioning[0]
[2023-01-09 14:59:59,150][unit_test.sub][INFO] - Decoder: conditioning[0]
[2023-01-09 14:59:59,264][unit_test.sub][INFO] - Decoder: conditioning[0]
[2023-01-09 14:59:59,284][unit_test.sub][INFO] - Decoder: conditioning[0]
[2023-01-09 14:59:59,298][unit_test.sub][INFO] - Decoder: conditioning[0]
[2023-01-09 14:59:59,312][unit_test.sub][INFO] - Decoder: conditioning[0]
[2023-01-09 14:59:59,327][unit_test.sub][INFO] - Decoder: conditioning[0]
[2023-01-09 14:59:59,341][unit_test.sub][INFO] - Decoder: conditioning[0]
[2023-01-09 14:59:59,356][unit_test.sub][INFO] - Decoder: conditioning[0]
[2023-01-09 14:59:59,370][unit_test.sub][INFO] - Decoder: conditioning[0]
[2023-01-09 14:59:59,416][unit_test.sub][INFO] - Decoder: conditioning[0]
[2023-01-09 14:59:59,438][unit_test.sub][INFO] - Decoder: conditioning[0]
[2023-01-09 14:59:59,482][unit_test.sub][INFO] - Decoder: conditioning[0]
[2023-01-09 14:59:59,496][unit_test.sub][INFO] - Decoder: conditioning[0]
[2023-01-09 14:59:59,508][unit_test.sub][INFO] - Decoder: conditioning[0]
[2023-01-09 14:59:59,522][unit_test.sub][INFO] - Decoder: conditioning[0]
[2023-01-09 14:59:59,535][unit_test.sub][INFO] - Decoder: conditioning[0]
[2023-01-09 14:59:59,550][unit_test.sub][INFO] - Decoder: conditioning[0]
[2023-01-09 14:59:59,564][unit_test.sub][INFO] - Decoder: conditioning[0]
[2023-01-09 14:59:59,580][unit_test.sub][INFO] - Decoder: conditioning[0]
[2023-01-09 14:59:59,595][unit_test.sub][INFO] - Decoder: conditioning[0]
[2023-01-09 14:59:59,610][unit_test.sub][INFO] - Decoder: conditioning[0]
[2023-01-09 14:59:59,625][unit_test.sub][INFO] - Decoder: conditioning[0]
[2023-01-09 14:59:59,639][unit_test.sub][INFO] - Decoder: conditioning[0]
[2023-01-09 14:59:59,654][unit_test.sub][INFO] - Decoder: conditioning[0]
[2023-01-09 14:59:59,670][unit_test.sub][INFO] - Decoder: conditioning[0]
[2023-01-09 14:59:59,684][unit_test.sub][INFO] - Decoder: conditioning[0]
[2023-01-09 14:59:59,699][unit_test.sub][INFO] - Decoder: conditioning[0]
[2023-01-09 14:59:59,728][unit_test.sub][INFO] - Decoder: conditioning[0]
[2023-01-09 14:59:59,742][unit_test.sub][INFO] - Decoder: conditioning[0]
[2023-01-09 14:59:59,775][unit_test.sub][INFO] - Decoder: conditioning[0]
[2023-01-09 14:59:59,896][unit_test.sub][INFO] - Decoder: conditioning[0]
[2023-01-09 14:59:59,921][unit_test.sub][INFO] - Decoder: conditioning[0]
[2023-01-09 14:59:59,934][unit_test.sub][INFO] - Decoder: conditioning[0]
[2023-01-09 15:00:00,113][unit_test.sub][INFO] - Decoder: conditioning[0]
[2023-01-09 15:00:00,145][unit_test.sub][INFO] - Decoder: conditioning[0]
[2023-01-09 15:00:00,167][unit_test.sub][INFO] - Decoder: conditioning[0]
[2023-01-09 15:00:00,181][unit_test.sub][INFO] - Decoder: conditioning[0]
[2023-01-09 15:00:00,278][unit_test.sub][INFO] - Decoder: conditioning[0]
[2023-01-09 15:00:00,292][unit_test.sub][INFO] - Decoder: conditioning[0]
[2023-01-09 15:00:00,305][unit_test.sub][INFO] - Decoder: conditioning[0]
[2023-01-09 15:00:00,332][unit_test.sub][INFO] - Decoder: conditioning[0]
[2023-01-09 15:00:00,349][unit_test.sub][INFO] - Decoder: conditioning[0]
[2023-01-09 15:00:00,362][unit_test.sub][INFO] - Decoder: conditioning[0]
[2023-01-09 15:00:00,376][unit_test.sub][INFO] - Decoder: conditioning[0]
[2023-01-09 15:00:00,391][unit_test.sub][INFO] - Decoder: conditioning[0]
[2023-01-09 15:00:00,441][unit_test.sub][INFO] - Decoder: conditioning[0]
[2023-01-09 15:00:00,462][unit_test.sub][INFO] - Decoder: conditioning[0]
[2023-01-09 15:00:00,496][unit_test.sub][INFO] - Decoder: conditioning[0]
[2023-01-09 15:00:00,516][unit_test.sub][INFO] - Decoder: conditioning[0]
[2023-01-09 15:00:00,530][unit_test.sub][INFO] - Decoder: conditioning[0]
[2023-01-09 15:00:00,544][unit_test.sub][INFO] - Decoder: conditioning[0]
[2023-01-09 15:00:00,558][unit_test.sub][INFO] - Decoder: conditioning[0]
[2023-01-09 15:00:00,571][unit_test.sub][INFO] - Decoder: conditioning[0]
[2023-01-09 15:00:00,584][unit_test.sub][INFO] - Decoder: conditioning[0]
[2023-01-09 15:00:00,595][unit_test.sub][INFO] - Decoder: conditioning[0]
[2023-01-09 15:00:00,606][unit_test.sub][INFO] - Decoder: conditioning[0]
[2023-01-09 15:00:00,617][unit_test.sub][INFO] - Decoder: conditioning[0]
[2023-01-09 15:00:00,627][unit_test.sub][INFO] - Decoder: conditioning[0]
[2023-01-09 15:00:00,638][unit_test.sub][INFO] - Decoder: conditioning[0]
[2023-01-09 15:00:00,664][unit_test.sub][INFO] - Decoder: conditioning[0]
[2023-01-09 15:00:00,679][unit_test.sub][INFO] - Decoder: conditioning[0]
[2023-01-09 15:00:00,690][unit_test.sub][INFO] - Decoder: conditioning[0]
[2023-01-09 15:00:00,701][unit_test.sub][INFO] - Decoder: conditioning[0]
[2023-01-09 15:00:00,744][unit_test.sub][INFO] - Decoder: conditioning[0]
[2023-01-09 15:00:00,756][unit_test.sub][INFO] - Decoder: conditioning[0]
[2023-01-09 15:00:00,766][unit_test.sub][INFO] - Decoder: conditioning[0]
[2023-01-09 15:00:00,865][unit_test.sub][INFO] - Decoder: conditioning[0]
[2023-01-09 15:00:00,889][unit_test.sub][INFO] - Decoder: conditioning[0]
[2023-01-09 15:00:00,900][unit_test.sub][INFO] - Decoder: conditioning[0]
[2023-01-09 15:00:01,070][unit_test.sub][INFO] - Decoder: conditioning[0]
[2023-01-09 15:00:01,096][unit_test.sub][INFO] - Decoder: conditioning[0]
[2023-01-09 15:00:01,119][unit_test.sub][INFO] - Decoder: conditioning[0]
[2023-01-09 15:00:01,132][unit_test.sub][INFO] - Decoder: conditioning[0]
[2023-01-09 15:00:01,251][unit_test.sub][INFO] - Decoder: conditioning[0]
[2023-01-09 15:00:01,265][unit_test.sub][INFO] - Decoder: conditioning[0]
[2023-01-09 15:00:01,276][unit_test.sub][INFO] - Decoder: conditioning[0]
[2023-01-09 15:00:01,288][unit_test.sub][INFO] - Decoder: conditioning[0]
[2023-01-09 15:00:01,299][unit_test.sub][INFO] - Decoder: conditioning[0]
[2023-01-09 15:00:01,310][unit_test.sub][INFO] - Decoder: conditioning[0]
[2023-01-09 15:00:01,321][unit_test.sub][INFO] - Decoder: conditioning[0]
[2023-01-09 15:00:01,331][unit_test.sub][INFO] - Decoder: conditioning[0]
[2023-01-09 15:00:01,374][unit_test.sub][INFO] - Decoder: conditioning[0]
[2023-01-09 15:00:01,396][unit_test.sub][INFO] - Decoder: conditioning[0]
[2023-01-09 15:00:01,428][unit_test.sub][INFO] - Decoder: conditioning[0]
[2023-01-09 15:00:01,450][unit_test.sub][INFO] - Decoder: conditioning[0]
[2023-01-09 15:00:01,471][unit_test.sub][INFO] - Decoder: conditioning[0]
[2023-01-09 15:00:01,487][unit_test.sub][INFO] - Decoder: conditioning[0]
[2023-01-09 15:00:01,498][unit_test.sub][INFO] - Decoder: conditioning[0]
[2023-01-09 15:00:01,508][unit_test.sub][INFO] - Decoder: conditioning[0]
[2023-01-09 15:00:01,519][unit_test.sub][INFO] - Decoder: conditioning[0]
[2023-01-09 15:00:01,529][unit_test.sub][INFO] - Decoder: conditioning[0]
[2023-01-09 15:00:01,540][unit_test.sub][INFO] - Decoder: conditioning[0]
[2023-01-09 15:00:01,550][unit_test.sub][INFO] - Decoder: conditioning[0]
[2023-01-09 15:00:01,560][unit_test.sub][INFO] - Decoder: conditioning[0]
[2023-01-09 15:00:01,570][unit_test.sub][INFO] - Decoder: conditioning[0]
[2023-01-09 15:00:01,597][unit_test.sub][INFO] - Decoder: conditioning[0]
[2023-01-09 15:00:01,624][unit_test.sub][INFO] - Decoder: conditioning[0]
[2023-01-09 15:00:01,646][unit_test.sub][INFO] - Decoder: conditioning[0]
[2023-01-09 15:00:01,660][unit_test.sub][INFO] - Decoder: conditioning[0]
[2023-01-09 15:00:01,704][unit_test.sub][INFO] - Decoder: conditioning[0]
[2023-01-09 15:00:01,716][unit_test.sub][INFO] - Decoder: conditioning[0]
[2023-01-09 15:00:01,726][unit_test.sub][INFO] - Decoder: conditioning[0]
[2023-01-09 15:00:01,793][unit_test.sub][INFO] - Decoder: conditioning[0]
[2023-01-09 15:00:01,829][unit_test.sub][INFO] - Decoder: conditioning[0]
[2023-01-09 15:00:01,851][unit_test.sub][INFO] - Decoder: conditioning[0]
[2023-01-09 15:00:01,965][unit_test.sub][INFO] - Decoder: conditioning[0]
[2023-01-09 15:00:01,987][unit_test.sub][INFO] - Decoder: conditioning[0]
[2023-01-09 15:00:01,997][unit_test.sub][INFO] - Decoder: conditioning[0]
[2023-01-09 15:00:02,008][unit_test.sub][INFO] - Decoder: conditioning[0]
[2023-01-09 15:00:02,047][unit_test.sub][INFO] - Decoder: conditioning[0]
[2023-01-09 15:00:02,058][unit_test.sub][INFO] - Decoder: conditioning[0]
[2023-01-09 15:00:02,069][unit_test.sub][INFO] - Decoder: conditioning[0]
[2023-01-09 15:00:02,079][unit_test.sub][INFO] - Decoder: conditioning[0]
[2023-01-09 15:00:02,090][unit_test.sub][INFO] - Decoder: conditioning[0]
[2023-01-09 15:00:02,100][unit_test.sub][INFO] - Decoder: conditioning[0]
[2023-01-09 15:00:02,110][unit_test.sub][INFO] - Decoder: conditioning[0]
[2023-01-09 15:00:02,120][unit_test.sub][INFO] - Decoder: conditioning[0]
[2023-01-09 15:00:02,152][unit_test.sub][INFO] - Decoder: conditioning[0]
[2023-01-09 15:00:02,163][unit_test.sub][INFO] - Decoder: conditioning[0]
[2023-01-09 15:00:02,183][unit_test.sub][INFO] - Decoder: conditioning[0]
[2023-01-09 15:00:02,193][unit_test.sub][INFO] - Decoder: conditioning[0]
[2023-01-09 15:00:02,203][unit_test.sub][INFO] - Decoder: conditioning[0]
[2023-01-09 15:00:02,214][unit_test.sub][INFO] - Decoder: conditioning[0]
