[2023-01-09 14:16:59,545][unit_test][INFO] - Generation start!
[2023-01-09 14:16:59,551][root][INFO] - Instantiating datamodule <src.dataio.akwd_datamodule.AWKDDataModule>
[2023-01-09 14:16:59,654][root][INFO] - Instantiating model <src.models.cvae.LitCVAE>
[2023-01-09 14:16:59,671][root][INFO] - Instantiating loggers...
[2023-01-09 14:16:59,671][root][INFO] - Instantiating callbacks...
[2023-01-09 14:16:59,673][root][INFO] - Instantiating trainer <pytorch_lightning.Trainer>
[2023-01-09 14:17:04,274][unit_test.sub][INFO] - Decoder: conditioning[0]
[2023-01-09 14:17:04,369][unit_test.sub][INFO] - Decoder: conditioning[0]
[2023-01-09 14:17:04,466][unit_test.sub][INFO] - Decoder: conditioning[0]
[2023-01-09 14:17:04,650][unit_test.sub][INFO] - Decoder: conditioning[0]
[2023-01-09 14:17:04,738][unit_test.sub][INFO] - Decoder: conditioning[0]
[2023-01-09 14:17:04,803][unit_test.sub][INFO] - Decoder: conditioning[0]
[2023-01-09 14:17:04,876][unit_test.sub][INFO] - Decoder: conditioning[0]
[2023-01-09 14:17:04,950][unit_test.sub][INFO] - Decoder: conditioning[0]
[2023-01-09 14:17:05,025][unit_test.sub][INFO] - Decoder: conditioning[0]
[2023-01-09 14:17:05,102][unit_test.sub][INFO] - Decoder: conditioning[0]
[2023-01-09 14:17:05,174][unit_test.sub][INFO] - Decoder: conditioning[0]
[2023-01-09 14:17:05,250][unit_test.sub][INFO] - Decoder: conditioning[0]
[2023-01-09 14:17:05,325][unit_test.sub][INFO] - Decoder: conditioning[0]
[2023-01-09 14:17:05,398][unit_test.sub][INFO] - Decoder: conditioning[0]
[2023-01-09 14:17:05,469][unit_test.sub][INFO] - Decoder: conditioning[0]
[2023-01-09 14:17:05,543][unit_test.sub][INFO] - Decoder: conditioning[0]
[2023-01-09 14:17:05,625][unit_test.sub][INFO] - Decoder: conditioning[0]
[2023-01-09 14:17:05,706][unit_test.sub][INFO] - Decoder: conditioning[0]
[2023-01-09 14:17:05,789][unit_test.sub][INFO] - Decoder: conditioning[0]
[2023-01-09 14:17:05,875][unit_test.sub][INFO] - Decoder: conditioning[0]
[2023-01-09 14:17:05,948][unit_test.sub][INFO] - Decoder: conditioning[0]
[2023-01-09 14:17:06,020][unit_test.sub][INFO] - Decoder: conditioning[0]
[2023-01-09 14:17:06,092][unit_test.sub][INFO] - Decoder: conditioning[0]
[2023-01-09 14:17:06,165][unit_test.sub][INFO] - Decoder: conditioning[0]
[2023-01-09 14:17:06,245][unit_test.sub][INFO] - Decoder: conditioning[0]
[2023-01-09 14:17:06,333][unit_test.sub][INFO] - Decoder: conditioning[0]
[2023-01-09 14:17:06,409][unit_test.sub][INFO] - Decoder: conditioning[0]
[2023-01-09 14:17:06,478][unit_test.sub][INFO] - Decoder: conditioning[0]
[2023-01-09 14:17:06,552][unit_test.sub][INFO] - Decoder: conditioning[0]
[2023-01-09 14:17:06,625][unit_test.sub][INFO] - Decoder: conditioning[0]
[2023-01-09 14:17:06,706][unit_test.sub][INFO] - Decoder: conditioning[0]
[2023-01-09 14:17:06,781][unit_test.sub][INFO] - Decoder: conditioning[0]
[2023-01-09 14:17:06,858][unit_test.sub][INFO] - Decoder: conditioning[0]
[2023-01-09 14:17:06,934][unit_test.sub][INFO] - Decoder: conditioning[0]
[2023-01-09 14:17:07,011][unit_test.sub][INFO] - Decoder: conditioning[0]
[2023-01-09 14:17:07,086][unit_test.sub][INFO] - Decoder: conditioning[0]
[2023-01-09 14:17:07,158][unit_test.sub][INFO] - Decoder: conditioning[0]
[2023-01-09 14:17:07,236][unit_test.sub][INFO] - Decoder: conditioning[0]
[2023-01-09 14:17:07,310][unit_test.sub][INFO] - Decoder: conditioning[0]
[2023-01-09 14:17:07,389][unit_test.sub][INFO] - Decoder: conditioning[0]
[2023-01-09 14:17:07,463][unit_test.sub][INFO] - Decoder: conditioning[0]
[2023-01-09 14:17:07,534][unit_test.sub][INFO] - Decoder: conditioning[0]
[2023-01-09 14:17:07,611][unit_test.sub][INFO] - Decoder: conditioning[0]
[2023-01-09 14:17:07,687][unit_test.sub][INFO] - Decoder: conditioning[0]
[2023-01-09 14:17:07,763][unit_test.sub][INFO] - Decoder: conditioning[0]
[2023-01-09 14:17:07,842][unit_test.sub][INFO] - Decoder: conditioning[0]
[2023-01-09 14:17:07,922][unit_test.sub][INFO] - Decoder: conditioning[0]
[2023-01-09 14:17:07,995][unit_test.sub][INFO] - Decoder: conditioning[0]
[2023-01-09 14:17:08,069][unit_test.sub][INFO] - Decoder: conditioning[0]
[2023-01-09 14:17:08,145][unit_test.sub][INFO] - Decoder: conditioning[0]
[2023-01-09 14:17:08,220][unit_test.sub][INFO] - Decoder: conditioning[0]
[2023-01-09 14:17:08,292][unit_test.sub][INFO] - Decoder: conditioning[0]
[2023-01-09 14:17:08,370][unit_test.sub][INFO] - Decoder: conditioning[0]
[2023-01-09 14:17:08,443][unit_test.sub][INFO] - Decoder: conditioning[0]
[2023-01-09 14:17:08,515][unit_test.sub][INFO] - Decoder: conditioning[0]
[2023-01-09 14:17:08,593][unit_test.sub][INFO] - Decoder: conditioning[0]
[2023-01-09 14:17:08,666][unit_test.sub][INFO] - Decoder: conditioning[0]
[2023-01-09 14:17:08,740][unit_test.sub][INFO] - Decoder: conditioning[0]
[2023-01-09 14:17:08,813][unit_test.sub][INFO] - Decoder: conditioning[0]
[2023-01-09 14:17:08,889][unit_test.sub][INFO] - Decoder: conditioning[0]
[2023-01-09 14:17:08,963][unit_test.sub][INFO] - Decoder: conditioning[0]
[2023-01-09 14:17:09,038][unit_test.sub][INFO] - Decoder: conditioning[0]
[2023-01-09 14:17:09,112][unit_test.sub][INFO] - Decoder: conditioning[0]
[2023-01-09 14:17:09,191][unit_test.sub][INFO] - Decoder: conditioning[0]
[2023-01-09 14:17:09,266][unit_test.sub][INFO] - Decoder: conditioning[0]
[2023-01-09 14:17:09,343][unit_test.sub][INFO] - Decoder: conditioning[0]
[2023-01-09 14:17:09,416][unit_test.sub][INFO] - Decoder: conditioning[0]
[2023-01-09 14:17:09,493][unit_test.sub][INFO] - Decoder: conditioning[0]
[2023-01-09 14:17:09,568][unit_test.sub][INFO] - Decoder: conditioning[0]
[2023-01-09 14:17:09,639][unit_test.sub][INFO] - Decoder: conditioning[0]
[2023-01-09 14:17:09,718][unit_test.sub][INFO] - Decoder: conditioning[0]
[2023-01-09 14:17:09,793][unit_test.sub][INFO] - Decoder: conditioning[0]
[2023-01-09 14:17:09,875][unit_test.sub][INFO] - Decoder: conditioning[0]
[2023-01-09 14:17:09,952][unit_test.sub][INFO] - Decoder: conditioning[0]
[2023-01-09 14:17:10,026][unit_test.sub][INFO] - Decoder: conditioning[0]
[2023-01-09 14:17:10,097][unit_test.sub][INFO] - Decoder: conditioning[0]
[2023-01-09 14:17:10,174][unit_test.sub][INFO] - Decoder: conditioning[0]
[2023-01-09 14:17:10,249][unit_test.sub][INFO] - Decoder: conditioning[0]
[2023-01-09 14:17:10,325][unit_test.sub][INFO] - Decoder: conditioning[0]
[2023-01-09 14:17:10,407][unit_test.sub][INFO] - Decoder: conditioning[0]
[2023-01-09 14:17:10,484][unit_test.sub][INFO] - Decoder: conditioning[0]
[2023-01-09 14:17:10,556][unit_test.sub][INFO] - Decoder: conditioning[0]
[2023-01-09 14:17:10,633][unit_test.sub][INFO] - Decoder: conditioning[0]
[2023-01-09 14:17:10,709][unit_test.sub][INFO] - Decoder: conditioning[0]
[2023-01-09 14:17:10,786][unit_test.sub][INFO] - Decoder: conditioning[0]
[2023-01-09 14:17:10,866][unit_test.sub][INFO] - Decoder: conditioning[0]
[2023-01-09 14:17:10,949][unit_test.sub][INFO] - Decoder: conditioning[0]
[2023-01-09 14:17:11,032][unit_test.sub][INFO] - Decoder: conditioning[0]
[2023-01-09 14:17:11,113][unit_test.sub][INFO] - Decoder: conditioning[0]
[2023-01-09 14:17:11,193][unit_test.sub][INFO] - Decoder: conditioning[0]
[2023-01-09 14:17:11,267][unit_test.sub][INFO] - Decoder: conditioning[0]
[2023-01-09 14:17:11,346][unit_test.sub][INFO] - Decoder: conditioning[0]
[2023-01-09 14:17:11,424][unit_test.sub][INFO] - Decoder: conditioning[0]
[2023-01-09 14:17:11,497][unit_test.sub][INFO] - Decoder: conditioning[0]
[2023-01-09 14:17:11,571][unit_test.sub][INFO] - Decoder: conditioning[0]
[2023-01-09 14:17:11,649][unit_test.sub][INFO] - Decoder: conditioning[0]
[2023-01-09 14:17:11,724][unit_test.sub][INFO] - Decoder: conditioning[0]
[2023-01-09 14:17:11,799][unit_test.sub][INFO] - Decoder: conditioning[0]
[2023-01-09 14:17:11,872][unit_test.sub][INFO] - Decoder: conditioning[0]
[2023-01-09 14:17:11,953][unit_test.sub][INFO] - Decoder: conditioning[0]
[2023-01-09 14:17:12,026][unit_test.sub][INFO] - Decoder: conditioning[0]
[2023-01-09 14:17:16,515][unit_test.sub][INFO] - Decoder: conditioning[0]
[2023-01-09 14:17:16,534][unit_test.sub][INFO] - Decoder: conditioning[0]
[2023-01-09 14:17:16,546][unit_test.sub][INFO] - Decoder: conditioning[0]
[2023-01-09 14:17:16,557][unit_test.sub][INFO] - Decoder: conditioning[0]
[2023-01-09 14:17:16,568][unit_test.sub][INFO] - Decoder: conditioning[0]
[2023-01-09 14:17:16,630][unit_test.sub][INFO] - Decoder: conditioning[0]
[2023-01-09 14:17:16,753][unit_test.sub][INFO] - Decoder: conditioning[0]
[2023-01-09 14:17:16,795][unit_test.sub][INFO] - Decoder: conditioning[0]
[2023-01-09 14:17:16,808][unit_test.sub][INFO] - Decoder: conditioning[0]
[2023-01-09 14:17:16,820][unit_test.sub][INFO] - Decoder: conditioning[0]
[2023-01-09 14:17:16,974][unit_test.sub][INFO] - Decoder: conditioning[0]
[2023-01-09 14:17:16,990][unit_test.sub][INFO] - Decoder: conditioning[0]
[2023-01-09 14:17:17,003][unit_test.sub][INFO] - Decoder: conditioning[0]
[2023-01-09 14:17:17,015][unit_test.sub][INFO] - Decoder: conditioning[0]
[2023-01-09 14:17:17,026][unit_test.sub][INFO] - Decoder: conditioning[0]
[2023-01-09 14:17:17,037][unit_test.sub][INFO] - Decoder: conditioning[0]
[2023-01-09 14:17:17,048][unit_test.sub][INFO] - Decoder: conditioning[0]
[2023-01-09 14:17:17,059][unit_test.sub][INFO] - Decoder: conditioning[0]
[2023-01-09 14:17:17,070][unit_test.sub][INFO] - Decoder: conditioning[0]
[2023-01-09 14:17:17,091][unit_test.sub][INFO] - Decoder: conditioning[0]
[2023-01-09 14:17:17,102][unit_test.sub][INFO] - Decoder: conditioning[0]
[2023-01-09 14:17:17,113][unit_test.sub][INFO] - Decoder: conditioning[0]
[2023-01-09 14:17:17,123][unit_test.sub][INFO] - Decoder: conditioning[0]
[2023-01-09 14:17:17,133][unit_test.sub][INFO] - Decoder: conditioning[0]
[2023-01-09 14:17:17,144][unit_test.sub][INFO] - Decoder: conditioning[0]
[2023-01-09 14:17:17,154][unit_test.sub][INFO] - Decoder: conditioning[0]
[2023-01-09 14:17:17,165][unit_test.sub][INFO] - Decoder: conditioning[0]
[2023-01-09 14:17:17,175][unit_test.sub][INFO] - Decoder: conditioning[0]
[2023-01-09 14:17:17,185][unit_test.sub][INFO] - Decoder: conditioning[0]
[2023-01-09 14:17:17,195][unit_test.sub][INFO] - Decoder: conditioning[0]
[2023-01-09 14:17:17,206][unit_test.sub][INFO] - Decoder: conditioning[0]
[2023-01-09 14:17:17,217][unit_test.sub][INFO] - Decoder: conditioning[0]
[2023-01-09 14:17:17,887][unit_test.sub][INFO] - Decoder: conditioning[0]
[2023-01-09 14:17:17,905][unit_test.sub][INFO] - Decoder: conditioning[0]
[2023-01-09 14:17:17,920][unit_test.sub][INFO] - Decoder: conditioning[0]
[2023-01-09 14:17:17,935][unit_test.sub][INFO] - Decoder: conditioning[0]
[2023-01-09 14:17:17,950][unit_test.sub][INFO] - Decoder: conditioning[0]
[2023-01-09 14:17:17,964][unit_test.sub][INFO] - Decoder: conditioning[0]
[2023-01-09 14:17:17,979][unit_test.sub][INFO] - Decoder: conditioning[0]
[2023-01-09 14:17:17,994][unit_test.sub][INFO] - Decoder: conditioning[0]
[2023-01-09 14:17:18,009][unit_test.sub][INFO] - Decoder: conditioning[0]
[2023-01-09 14:17:18,023][unit_test.sub][INFO] - Decoder: conditioning[0]
[2023-01-09 14:17:18,037][unit_test.sub][INFO] - Decoder: conditioning[0]
[2023-01-09 14:17:18,052][unit_test.sub][INFO] - Decoder: conditioning[0]
[2023-01-09 14:17:18,067][unit_test.sub][INFO] - Decoder: conditioning[0]
[2023-01-09 14:17:18,081][unit_test.sub][INFO] - Decoder: conditioning[0]
[2023-01-09 14:17:18,096][unit_test.sub][INFO] - Decoder: conditioning[0]
[2023-01-09 14:17:18,111][unit_test.sub][INFO] - Decoder: conditioning[0]
[2023-01-09 14:17:18,125][unit_test.sub][INFO] - Decoder: conditioning[0]
[2023-01-09 14:17:18,140][unit_test.sub][INFO] - Decoder: conditioning[0]
[2023-01-09 14:17:18,155][unit_test.sub][INFO] - Decoder: conditioning[0]
[2023-01-09 14:17:18,170][unit_test.sub][INFO] - Decoder: conditioning[0]
