[2023-01-09 14:58:13,031][unit_test][INFO] - Generation start!
[2023-01-09 14:58:13,036][root][INFO] - Instantiating datamodule <src.dataio.akwd_datamodule.AWKDDataModule>
[2023-01-09 14:58:13,106][root][INFO] - Instantiating model <src.models.cvae.LitCVAE>
[2023-01-09 14:58:13,123][root][INFO] - Instantiating loggers...
[2023-01-09 14:58:19,254][root][INFO] - Instantiating callbacks...
[2023-01-09 14:58:19,255][root][INFO] - Instantiating trainer <pytorch_lightning.Trainer>
[2023-01-09 14:58:23,063][unit_test.sub][INFO] - Decoder: conditioning[0]
[2023-01-09 14:58:23,157][unit_test.sub][INFO] - Decoder: conditioning[0]
[2023-01-09 14:58:26,001][unit_test.sub][INFO] - Decoder: conditioning[0]
[2023-01-09 14:58:26,168][unit_test.sub][INFO] - Decoder: conditioning[0]
[2023-01-09 14:58:26,338][unit_test.sub][INFO] - Decoder: conditioning[0]
[2023-01-09 14:58:26,386][unit_test.sub][INFO] - Decoder: conditioning[0]
[2023-01-09 14:58:26,425][unit_test.sub][INFO] - Decoder: conditioning[0]
[2023-01-09 14:58:26,470][unit_test.sub][INFO] - Decoder: conditioning[0]
[2023-01-09 14:58:26,522][unit_test.sub][INFO] - Decoder: conditioning[0]
[2023-01-09 14:58:26,602][unit_test.sub][INFO] - Decoder: conditioning[0]
[2023-01-09 14:58:26,654][unit_test.sub][INFO] - Decoder: conditioning[0]
[2023-01-09 14:58:26,695][unit_test.sub][INFO] - Decoder: conditioning[0]
[2023-01-09 14:58:26,739][unit_test.sub][INFO] - Decoder: conditioning[0]
[2023-01-09 14:58:26,789][unit_test.sub][INFO] - Decoder: conditioning[0]
[2023-01-09 14:58:26,853][unit_test.sub][INFO] - Decoder: conditioning[0]
[2023-01-09 14:58:26,897][unit_test.sub][INFO] - Decoder: conditioning[0]
[2023-01-09 14:58:26,953][unit_test.sub][INFO] - Decoder: conditioning[0]
[2023-01-09 14:58:27,011][unit_test.sub][INFO] - Decoder: conditioning[0]
[2023-01-09 14:58:27,313][unit_test.sub][INFO] - Decoder: conditioning[0]
[2023-01-09 14:58:27,378][unit_test.sub][INFO] - Decoder: conditioning[0]
[2023-01-09 14:58:27,431][unit_test.sub][INFO] - Decoder: conditioning[0]
[2023-01-09 14:58:27,480][unit_test.sub][INFO] - Decoder: conditioning[0]
[2023-01-09 14:58:27,524][unit_test.sub][INFO] - Decoder: conditioning[0]
[2023-01-09 14:58:27,559][unit_test.sub][INFO] - Decoder: conditioning[0]
[2023-01-09 14:58:27,612][unit_test.sub][INFO] - Decoder: conditioning[0]
[2023-01-09 14:58:27,681][unit_test.sub][INFO] - Decoder: conditioning[0]
[2023-01-09 14:58:27,730][unit_test.sub][INFO] - Decoder: conditioning[0]
[2023-01-09 14:58:27,806][unit_test.sub][INFO] - Decoder: conditioning[0]
[2023-01-09 14:58:27,855][unit_test.sub][INFO] - Decoder: conditioning[0]
[2023-01-09 14:58:27,897][unit_test.sub][INFO] - Decoder: conditioning[0]
[2023-01-09 14:58:27,942][unit_test.sub][INFO] - Decoder: conditioning[0]
[2023-01-09 14:58:27,982][unit_test.sub][INFO] - Decoder: conditioning[0]
[2023-01-09 14:58:28,023][unit_test.sub][INFO] - Decoder: conditioning[0]
[2023-01-09 14:58:28,064][unit_test.sub][INFO] - Decoder: conditioning[0]
[2023-01-09 14:58:28,106][unit_test.sub][INFO] - Decoder: conditioning[0]
[2023-01-09 14:58:28,154][unit_test.sub][INFO] - Decoder: conditioning[0]
[2023-01-09 14:58:28,200][unit_test.sub][INFO] - Decoder: conditioning[0]
[2023-01-09 14:58:28,241][unit_test.sub][INFO] - Decoder: conditioning[0]
[2023-01-09 14:58:28,332][unit_test.sub][INFO] - Decoder: conditioning[0]
[2023-01-09 14:58:28,386][unit_test.sub][INFO] - Decoder: conditioning[0]
[2023-01-09 14:58:28,640][unit_test.sub][INFO] - Decoder: conditioning[0]
[2023-01-09 14:58:28,691][unit_test.sub][INFO] - Decoder: conditioning[0]
[2023-01-09 14:58:28,739][unit_test.sub][INFO] - Decoder: conditioning[0]
[2023-01-09 14:58:28,784][unit_test.sub][INFO] - Decoder: conditioning[0]
[2023-01-09 14:58:28,832][unit_test.sub][INFO] - Decoder: conditioning[0]
[2023-01-09 14:58:28,893][unit_test.sub][INFO] - Decoder: conditioning[0]
[2023-01-09 14:58:28,950][unit_test.sub][INFO] - Decoder: conditioning[0]
[2023-01-09 14:58:28,993][unit_test.sub][INFO] - Decoder: conditioning[0]
[2023-01-09 14:58:29,029][unit_test.sub][INFO] - Decoder: conditioning[0]
[2023-01-09 14:58:29,072][unit_test.sub][INFO] - Decoder: conditioning[0]
[2023-01-09 14:58:29,116][unit_test.sub][INFO] - Decoder: conditioning[0]
[2023-01-09 14:58:29,157][unit_test.sub][INFO] - Decoder: conditioning[0]
[2023-01-09 14:58:29,216][unit_test.sub][INFO] - Decoder: conditioning[0]
[2023-01-09 14:58:29,269][unit_test.sub][INFO] - Decoder: conditioning[0]
[2023-01-09 14:58:29,571][unit_test.sub][INFO] - Decoder: conditioning[0]
[2023-01-09 14:58:29,617][unit_test.sub][INFO] - Decoder: conditioning[0]
[2023-01-09 14:58:29,667][unit_test.sub][INFO] - Decoder: conditioning[0]
[2023-01-09 14:58:29,712][unit_test.sub][INFO] - Decoder: conditioning[0]
[2023-01-09 14:58:29,759][unit_test.sub][INFO] - Decoder: conditioning[0]
[2023-01-09 14:58:29,809][unit_test.sub][INFO] - Decoder: conditioning[0]
[2023-01-09 14:58:29,853][unit_test.sub][INFO] - Decoder: conditioning[0]
[2023-01-09 14:58:29,904][unit_test.sub][INFO] - Decoder: conditioning[0]
[2023-01-09 14:58:29,946][unit_test.sub][INFO] - Decoder: conditioning[0]
[2023-01-09 14:58:30,012][unit_test.sub][INFO] - Decoder: conditioning[0]
[2023-01-09 14:58:30,056][unit_test.sub][INFO] - Decoder: conditioning[0]
[2023-01-09 14:58:30,099][unit_test.sub][INFO] - Decoder: conditioning[0]
[2023-01-09 14:58:30,141][unit_test.sub][INFO] - Decoder: conditioning[0]
[2023-01-09 14:58:30,184][unit_test.sub][INFO] - Decoder: conditioning[0]
[2023-01-09 14:58:30,229][unit_test.sub][INFO] - Decoder: conditioning[0]
[2023-01-09 14:58:30,274][unit_test.sub][INFO] - Decoder: conditioning[0]
[2023-01-09 14:58:30,322][unit_test.sub][INFO] - Decoder: conditioning[0]
[2023-01-09 14:58:30,375][unit_test.sub][INFO] - Decoder: conditioning[0]
[2023-01-09 14:58:30,426][unit_test.sub][INFO] - Decoder: conditioning[0]
[2023-01-09 14:58:30,476][unit_test.sub][INFO] - Decoder: conditioning[0]
[2023-01-09 14:58:30,567][unit_test.sub][INFO] - Decoder: conditioning[0]
[2023-01-09 14:58:30,609][unit_test.sub][INFO] - Decoder: conditioning[0]
[2023-01-09 14:58:30,853][unit_test.sub][INFO] - Decoder: conditioning[0]
[2023-01-09 14:58:30,912][unit_test.sub][INFO] - Decoder: conditioning[0]
[2023-01-09 14:58:30,959][unit_test.sub][INFO] - Decoder: conditioning[0]
[2023-01-09 14:58:31,005][unit_test.sub][INFO] - Decoder: conditioning[0]
[2023-01-09 14:58:31,052][unit_test.sub][INFO] - Decoder: conditioning[0]
[2023-01-09 14:58:31,112][unit_test.sub][INFO] - Decoder: conditioning[0]
[2023-01-09 14:58:31,160][unit_test.sub][INFO] - Decoder: conditioning[0]
[2023-01-09 14:58:31,205][unit_test.sub][INFO] - Decoder: conditioning[0]
[2023-01-09 14:58:31,255][unit_test.sub][INFO] - Decoder: conditioning[0]
[2023-01-09 14:58:31,307][unit_test.sub][INFO] - Decoder: conditioning[0]
[2023-01-09 14:58:31,354][unit_test.sub][INFO] - Decoder: conditioning[0]
[2023-01-09 14:58:31,400][unit_test.sub][INFO] - Decoder: conditioning[0]
[2023-01-09 14:58:31,460][unit_test.sub][INFO] - Decoder: conditioning[0]
[2023-01-09 14:58:31,508][unit_test.sub][INFO] - Decoder: conditioning[0]
[2023-01-09 14:58:31,701][unit_test.sub][INFO] - Decoder: conditioning[0]
[2023-01-09 14:58:31,752][unit_test.sub][INFO] - Decoder: conditioning[0]
[2023-01-09 14:58:31,799][unit_test.sub][INFO] - Decoder: conditioning[0]
[2023-01-09 14:58:31,844][unit_test.sub][INFO] - Decoder: conditioning[0]
[2023-01-09 14:58:31,888][unit_test.sub][INFO] - Decoder: conditioning[0]
[2023-01-09 14:58:31,929][unit_test.sub][INFO] - Decoder: conditioning[0]
[2023-01-09 14:58:31,969][unit_test.sub][INFO] - Decoder: conditioning[0]
[2023-01-09 14:58:32,021][unit_test.sub][INFO] - Decoder: conditioning[0]
[2023-01-09 14:58:32,061][unit_test.sub][INFO] - Decoder: conditioning[0]
[2023-01-09 14:58:32,111][unit_test.sub][INFO] - Decoder: conditioning[0]
[2023-01-09 14:58:32,154][unit_test.sub][INFO] - Decoder: conditioning[0]
[2023-01-09 14:58:34,568][unit_test.sub][INFO] - Decoder: conditioning[0]
[2023-01-09 14:58:34,662][unit_test.sub][INFO] - Decoder: conditioning[0]
[2023-01-09 14:58:34,742][unit_test.sub][INFO] - Decoder: conditioning[0]
[2023-01-09 14:58:34,796][unit_test.sub][INFO] - Decoder: conditioning[0]
[2023-01-09 14:58:34,836][unit_test.sub][INFO] - Decoder: conditioning[0]
[2023-01-09 14:58:34,852][unit_test.sub][INFO] - Decoder: conditioning[0]
[2023-01-09 14:58:34,864][unit_test.sub][INFO] - Decoder: conditioning[0]
[2023-01-09 14:58:34,876][unit_test.sub][INFO] - Decoder: conditioning[0]
[2023-01-09 14:58:34,999][unit_test.sub][INFO] - Decoder: conditioning[0]
[2023-01-09 14:58:35,027][unit_test.sub][INFO] - Decoder: conditioning[0]
[2023-01-09 14:58:35,042][unit_test.sub][INFO] - Decoder: conditioning[0]
[2023-01-09 14:58:35,055][unit_test.sub][INFO] - Decoder: conditioning[0]
[2023-01-09 14:58:35,067][unit_test.sub][INFO] - Decoder: conditioning[0]
[2023-01-09 14:58:35,079][unit_test.sub][INFO] - Decoder: conditioning[0]
[2023-01-09 14:58:35,091][unit_test.sub][INFO] - Decoder: conditioning[0]
[2023-01-09 14:58:35,135][unit_test.sub][INFO] - Decoder: conditioning[0]
[2023-01-09 14:58:35,164][unit_test.sub][INFO] - Decoder: conditioning[0]
[2023-01-09 14:58:35,263][unit_test.sub][INFO] - Decoder: conditioning[0]
[2023-01-09 14:58:35,278][unit_test.sub][INFO] - Decoder: conditioning[0]
[2023-01-09 14:58:35,295][unit_test.sub][INFO] - Decoder: conditioning[0]
[2023-01-09 14:58:35,316][unit_test.sub][INFO] - Decoder: conditioning[0]
[2023-01-09 14:58:35,381][unit_test.sub][INFO] - Decoder: conditioning[0]
[2023-01-09 14:58:35,398][unit_test.sub][INFO] - Decoder: conditioning[0]
[2023-01-09 14:58:35,410][unit_test.sub][INFO] - Decoder: conditioning[0]
[2023-01-09 14:58:35,445][unit_test.sub][INFO] - Decoder: conditioning[0]
[2023-01-09 14:58:35,457][unit_test.sub][INFO] - Decoder: conditioning[0]
[2023-01-09 14:58:35,468][unit_test.sub][INFO] - Decoder: conditioning[0]
[2023-01-09 14:58:35,480][unit_test.sub][INFO] - Decoder: conditioning[0]
[2023-01-09 14:58:35,491][unit_test.sub][INFO] - Decoder: conditioning[0]
[2023-01-09 14:58:35,502][unit_test.sub][INFO] - Decoder: conditioning[0]
[2023-01-09 14:58:35,513][unit_test.sub][INFO] - Decoder: conditioning[0]
[2023-01-09 14:58:35,524][unit_test.sub][INFO] - Decoder: conditioning[0]
[2023-01-09 14:58:38,636][unit_test.sub][INFO] - Decoder: conditioning[0]
[2023-01-09 14:58:38,677][unit_test.sub][INFO] - Decoder: conditioning[0]
[2023-01-09 14:58:38,692][unit_test.sub][INFO] - Decoder: conditioning[0]
[2023-01-09 14:58:38,705][unit_test.sub][INFO] - Decoder: conditioning[0]
[2023-01-09 14:58:38,759][unit_test.sub][INFO] - Decoder: conditioning[0]
[2023-01-09 14:58:39,037][unit_test.sub][INFO] - Decoder: conditioning[0]
[2023-01-09 14:58:39,055][unit_test.sub][INFO] - Decoder: conditioning[0]
[2023-01-09 14:58:39,070][unit_test.sub][INFO] - Decoder: conditioning[0]
[2023-01-09 14:58:39,084][unit_test.sub][INFO] - Decoder: conditioning[0]
[2023-01-09 14:58:39,100][unit_test.sub][INFO] - Decoder: conditioning[0]
[2023-01-09 14:58:39,115][unit_test.sub][INFO] - Decoder: conditioning[0]
[2023-01-09 14:58:39,149][unit_test.sub][INFO] - Decoder: conditioning[0]
[2023-01-09 14:58:39,163][unit_test.sub][INFO] - Decoder: conditioning[0]
[2023-01-09 14:58:39,177][unit_test.sub][INFO] - Decoder: conditioning[0]
[2023-01-09 14:58:39,270][unit_test.sub][INFO] - Decoder: conditioning[0]
[2023-01-09 14:58:39,289][unit_test.sub][INFO] - Decoder: conditioning[0]
[2023-01-09 14:58:39,303][unit_test.sub][INFO] - Decoder: conditioning[0]
[2023-01-09 14:58:39,318][unit_test.sub][INFO] - Decoder: conditioning[0]
[2023-01-09 14:58:39,371][unit_test.sub][INFO] - Decoder: conditioning[0]
[2023-01-09 14:58:39,387][unit_test.sub][INFO] - Decoder: conditioning[0]
[2023-01-09 14:58:39,406][unit_test.sub][INFO] - Decoder: conditioning[0]
[2023-01-09 14:58:39,428][unit_test.sub][INFO] - Decoder: conditioning[0]
[2023-01-09 14:58:39,443][unit_test.sub][INFO] - Decoder: conditioning[0]
[2023-01-09 14:58:39,459][unit_test.sub][INFO] - Decoder: conditioning[0]
[2023-01-09 14:58:39,475][unit_test.sub][INFO] - Decoder: conditioning[0]
[2023-01-09 14:58:39,489][unit_test.sub][INFO] - Decoder: conditioning[0]
[2023-01-09 14:58:39,504][unit_test.sub][INFO] - Decoder: conditioning[0]
[2023-01-09 14:58:39,518][unit_test.sub][INFO] - Decoder: conditioning[0]
[2023-01-09 14:58:39,533][unit_test.sub][INFO] - Decoder: conditioning[0]
[2023-01-09 14:58:39,548][unit_test.sub][INFO] - Decoder: conditioning[0]
[2023-01-09 14:58:39,564][unit_test.sub][INFO] - Decoder: conditioning[0]
[2023-01-09 14:58:39,578][unit_test.sub][INFO] - Decoder: conditioning[0]
[2023-01-09 14:58:39,593][unit_test.sub][INFO] - Decoder: conditioning[0]
[2023-01-09 14:58:39,608][unit_test.sub][INFO] - Decoder: conditioning[0]
[2023-01-09 14:58:39,623][unit_test.sub][INFO] - Decoder: conditioning[0]
[2023-01-09 14:58:39,639][unit_test.sub][INFO] - Decoder: conditioning[0]
[2023-01-09 14:58:39,663][unit_test.sub][INFO] - Decoder: conditioning[0]
[2023-01-09 14:58:39,701][unit_test.sub][INFO] - Decoder: conditioning[0]
[2023-01-09 14:58:39,718][unit_test.sub][INFO] - Decoder: conditioning[0]
[2023-01-09 14:58:39,745][unit_test.sub][INFO] - Decoder: conditioning[0]
[2023-01-09 14:58:39,767][unit_test.sub][INFO] - Decoder: conditioning[0]
[2023-01-09 14:58:40,079][unit_test.sub][INFO] - Decoder: conditioning[0]
[2023-01-09 14:58:40,096][unit_test.sub][INFO] - Decoder: conditioning[0]
[2023-01-09 14:58:40,111][unit_test.sub][INFO] - Decoder: conditioning[0]
[2023-01-09 14:58:40,127][unit_test.sub][INFO] - Decoder: conditioning[0]
[2023-01-09 14:58:40,142][unit_test.sub][INFO] - Decoder: conditioning[0]
[2023-01-09 14:58:40,158][unit_test.sub][INFO] - Decoder: conditioning[0]
[2023-01-09 14:58:40,214][unit_test.sub][INFO] - Decoder: conditioning[0]
[2023-01-09 14:58:40,231][unit_test.sub][INFO] - Decoder: conditioning[0]
[2023-01-09 14:58:40,244][unit_test.sub][INFO] - Decoder: conditioning[0]
[2023-01-09 14:58:40,336][unit_test.sub][INFO] - Decoder: conditioning[0]
[2023-01-09 14:58:40,361][unit_test.sub][INFO] - Decoder: conditioning[0]
[2023-01-09 14:58:40,376][unit_test.sub][INFO] - Decoder: conditioning[0]
[2023-01-09 14:58:40,389][unit_test.sub][INFO] - Decoder: conditioning[0]
[2023-01-09 14:58:40,446][unit_test.sub][INFO] - Decoder: conditioning[0]
[2023-01-09 14:58:40,478][unit_test.sub][INFO] - Decoder: conditioning[0]
[2023-01-09 14:58:40,499][unit_test.sub][INFO] - Decoder: conditioning[0]
[2023-01-09 14:58:40,513][unit_test.sub][INFO] - Decoder: conditioning[0]
[2023-01-09 14:58:40,526][unit_test.sub][INFO] - Decoder: conditioning[0]
[2023-01-09 14:58:40,539][unit_test.sub][INFO] - Decoder: conditioning[0]
[2023-01-09 14:58:40,553][unit_test.sub][INFO] - Decoder: conditioning[0]
[2023-01-09 14:58:40,566][unit_test.sub][INFO] - Decoder: conditioning[0]
[2023-01-09 14:58:40,578][unit_test.sub][INFO] - Decoder: conditioning[0]
[2023-01-09 14:58:40,590][unit_test.sub][INFO] - Decoder: conditioning[0]
[2023-01-09 14:58:40,601][unit_test.sub][INFO] - Decoder: conditioning[0]
[2023-01-09 14:58:40,612][unit_test.sub][INFO] - Decoder: conditioning[0]
[2023-01-09 14:58:40,624][unit_test.sub][INFO] - Decoder: conditioning[0]
[2023-01-09 14:58:40,635][unit_test.sub][INFO] - Decoder: conditioning[0]
[2023-01-09 14:58:40,646][unit_test.sub][INFO] - Decoder: conditioning[0]
[2023-01-09 14:58:40,656][unit_test.sub][INFO] - Decoder: conditioning[0]
[2023-01-09 14:58:40,667][unit_test.sub][INFO] - Decoder: conditioning[0]
[2023-01-09 14:58:40,677][unit_test.sub][INFO] - Decoder: conditioning[0]
[2023-01-09 14:58:40,705][unit_test.sub][INFO] - Decoder: conditioning[0]
[2023-01-09 14:58:40,750][unit_test.sub][INFO] - Decoder: conditioning[0]
[2023-01-09 14:58:40,772][unit_test.sub][INFO] - Decoder: conditioning[0]
[2023-01-09 14:58:40,808][unit_test.sub][INFO] - Decoder: conditioning[0]
[2023-01-09 14:58:40,837][unit_test.sub][INFO] - Decoder: conditioning[0]
[2023-01-09 14:58:41,153][unit_test.sub][INFO] - Decoder: conditioning[0]
[2023-01-09 14:58:41,173][unit_test.sub][INFO] - Decoder: conditioning[0]
[2023-01-09 14:58:41,187][unit_test.sub][INFO] - Decoder: conditioning[0]
[2023-01-09 14:58:41,201][unit_test.sub][INFO] - Decoder: conditioning[0]
[2023-01-09 14:58:41,214][unit_test.sub][INFO] - Decoder: conditioning[0]
[2023-01-09 14:58:41,226][unit_test.sub][INFO] - Decoder: conditioning[0]
[2023-01-09 14:58:41,269][unit_test.sub][INFO] - Decoder: conditioning[0]
[2023-01-09 14:58:41,288][unit_test.sub][INFO] - Decoder: conditioning[0]
[2023-01-09 14:58:41,305][unit_test.sub][INFO] - Decoder: conditioning[0]
[2023-01-09 14:58:41,410][unit_test.sub][INFO] - Decoder: conditioning[0]
[2023-01-09 14:58:41,439][unit_test.sub][INFO] - Decoder: conditioning[0]
[2023-01-09 14:58:41,459][unit_test.sub][INFO] - Decoder: conditioning[0]
[2023-01-09 14:58:41,473][unit_test.sub][INFO] - Decoder: conditioning[0]
[2023-01-09 14:58:41,533][unit_test.sub][INFO] - Decoder: conditioning[0]
[2023-01-09 14:58:41,548][unit_test.sub][INFO] - Decoder: conditioning[0]
[2023-01-09 14:58:41,558][unit_test.sub][INFO] - Decoder: conditioning[0]
[2023-01-09 14:58:41,569][unit_test.sub][INFO] - Decoder: conditioning[0]
[2023-01-09 14:58:41,579][unit_test.sub][INFO] - Decoder: conditioning[0]
[2023-01-09 14:58:41,589][unit_test.sub][INFO] - Decoder: conditioning[0]
[2023-01-09 14:58:41,600][unit_test.sub][INFO] - Decoder: conditioning[0]
[2023-01-09 14:58:41,610][unit_test.sub][INFO] - Decoder: conditioning[0]
[2023-01-09 14:58:41,620][unit_test.sub][INFO] - Decoder: conditioning[0]
[2023-01-09 14:58:41,630][unit_test.sub][INFO] - Decoder: conditioning[0]
[2023-01-09 14:58:41,641][unit_test.sub][INFO] - Decoder: conditioning[0]
[2023-01-09 14:58:41,651][unit_test.sub][INFO] - Decoder: conditioning[0]
[2023-01-09 14:58:41,661][unit_test.sub][INFO] - Decoder: conditioning[0]
[2023-01-09 14:58:41,671][unit_test.sub][INFO] - Decoder: conditioning[0]
[2023-01-09 14:58:41,682][unit_test.sub][INFO] - Decoder: conditioning[0]
[2023-01-09 14:58:41,692][unit_test.sub][INFO] - Decoder: conditioning[0]
[2023-01-09 14:58:41,702][unit_test.sub][INFO] - Decoder: conditioning[0]
[2023-01-09 14:58:41,712][unit_test.sub][INFO] - Decoder: conditioning[0]
[2023-01-09 14:58:41,733][unit_test.sub][INFO] - Decoder: conditioning[0]
[2023-01-09 14:58:41,764][unit_test.sub][INFO] - Decoder: conditioning[0]
[2023-01-09 14:58:41,774][unit_test.sub][INFO] - Decoder: conditioning[0]
[2023-01-09 14:58:41,795][unit_test.sub][INFO] - Decoder: conditioning[0]
[2023-01-09 14:58:41,816][unit_test.sub][INFO] - Decoder: conditioning[0]
[2023-01-09 14:58:41,979][unit_test.sub][INFO] - Decoder: conditioning[0]
[2023-01-09 14:58:42,002][unit_test.sub][INFO] - Decoder: conditioning[0]
[2023-01-09 14:58:42,016][unit_test.sub][INFO] - Decoder: conditioning[0]
[2023-01-09 14:58:42,028][unit_test.sub][INFO] - Decoder: conditioning[0]
[2023-01-09 14:58:42,040][unit_test.sub][INFO] - Decoder: conditioning[0]
[2023-01-09 14:58:42,052][unit_test.sub][INFO] - Decoder: conditioning[0]
[2023-01-09 14:58:42,074][unit_test.sub][INFO] - Decoder: conditioning[0]
[2023-01-09 14:58:42,087][unit_test.sub][INFO] - Decoder: conditioning[0]
[2023-01-09 14:58:42,098][unit_test.sub][INFO] - Decoder: conditioning[0]
[2023-01-09 14:58:42,162][unit_test.sub][INFO] - Decoder: conditioning[0]
[2023-01-09 14:58:42,188][unit_test.sub][INFO] - Decoder: conditioning[0]
[2023-01-09 14:58:42,204][unit_test.sub][INFO] - Decoder: conditioning[0]
[2023-01-09 14:58:42,215][unit_test.sub][INFO] - Decoder: conditioning[0]
[2023-01-09 14:58:42,241][unit_test.sub][INFO] - Decoder: conditioning[0]
[2023-01-09 14:58:42,269][unit_test.sub][INFO] - Decoder: conditioning[0]
[2023-01-09 14:58:42,285][unit_test.sub][INFO] - Decoder: conditioning[0]
[2023-01-09 14:58:42,296][unit_test.sub][INFO] - Decoder: conditioning[0]
