[2023-01-09 14:58:51,875][unit_test][INFO] - Generation start!
[2023-01-09 14:58:51,880][root][INFO] - Instantiating datamodule <src.dataio.akwd_datamodule.AWKDDataModule>
[2023-01-09 14:58:51,954][root][INFO] - Instantiating model <src.models.cvae.LitCVAE>
[2023-01-09 14:58:51,970][root][INFO] - Instantiating loggers...
[2023-01-09 14:58:58,085][root][INFO] - Instantiating callbacks...
[2023-01-09 14:58:58,086][root][INFO] - Instantiating trainer <pytorch_lightning.Trainer>
[2023-01-09 14:59:02,198][unit_test.sub][INFO] - Decoder: conditioning[0]
[2023-01-09 14:59:02,273][unit_test.sub][INFO] - Decoder: conditioning[0]
[2023-01-09 14:59:05,351][unit_test.sub][INFO] - Decoder: conditioning[0]
[2023-01-09 14:59:05,514][unit_test.sub][INFO] - Decoder: conditioning[0]
[2023-01-09 14:59:05,560][unit_test.sub][INFO] - Decoder: conditioning[0]
[2023-01-09 14:59:05,594][unit_test.sub][INFO] - Decoder: conditioning[0]
[2023-01-09 14:59:05,635][unit_test.sub][INFO] - Decoder: conditioning[0]
[2023-01-09 14:59:05,672][unit_test.sub][INFO] - Decoder: conditioning[0]
[2023-01-09 14:59:05,708][unit_test.sub][INFO] - Decoder: conditioning[0]
[2023-01-09 14:59:05,750][unit_test.sub][INFO] - Decoder: conditioning[0]
[2023-01-09 14:59:05,797][unit_test.sub][INFO] - Decoder: conditioning[0]
[2023-01-09 14:59:05,844][unit_test.sub][INFO] - Decoder: conditioning[0]
[2023-01-09 14:59:05,890][unit_test.sub][INFO] - Decoder: conditioning[0]
[2023-01-09 14:59:05,939][unit_test.sub][INFO] - Decoder: conditioning[0]
[2023-01-09 14:59:05,986][unit_test.sub][INFO] - Decoder: conditioning[0]
[2023-01-09 14:59:06,053][unit_test.sub][INFO] - Decoder: conditioning[0]
[2023-01-09 14:59:06,118][unit_test.sub][INFO] - Decoder: conditioning[0]
[2023-01-09 14:59:06,162][unit_test.sub][INFO] - Decoder: conditioning[0]
[2023-01-09 14:59:06,292][unit_test.sub][INFO] - Decoder: conditioning[0]
[2023-01-09 14:59:06,345][unit_test.sub][INFO] - Decoder: conditioning[0]
[2023-01-09 14:59:06,419][unit_test.sub][INFO] - Decoder: conditioning[0]
[2023-01-09 14:59:06,510][unit_test.sub][INFO] - Decoder: conditioning[0]
[2023-01-09 14:59:06,568][unit_test.sub][INFO] - Decoder: conditioning[0]
[2023-01-09 14:59:06,630][unit_test.sub][INFO] - Decoder: conditioning[0]
[2023-01-09 14:59:06,676][unit_test.sub][INFO] - Decoder: conditioning[0]
[2023-01-09 14:59:06,723][unit_test.sub][INFO] - Decoder: conditioning[0]
[2023-01-09 14:59:06,852][unit_test.sub][INFO] - Decoder: conditioning[0]
[2023-01-09 14:59:06,914][unit_test.sub][INFO] - Decoder: conditioning[0]
[2023-01-09 14:59:06,974][unit_test.sub][INFO] - Decoder: conditioning[0]
[2023-01-09 14:59:07,047][unit_test.sub][INFO] - Decoder: conditioning[0]
[2023-01-09 14:59:07,088][unit_test.sub][INFO] - Decoder: conditioning[0]
[2023-01-09 14:59:07,141][unit_test.sub][INFO] - Decoder: conditioning[0]
[2023-01-09 14:59:07,184][unit_test.sub][INFO] - Decoder: conditioning[0]
[2023-01-09 14:59:07,267][unit_test.sub][INFO] - Decoder: conditioning[0]
[2023-01-09 14:59:07,316][unit_test.sub][INFO] - Decoder: conditioning[0]
[2023-01-09 14:59:07,361][unit_test.sub][INFO] - Decoder: conditioning[0]
[2023-01-09 14:59:07,398][unit_test.sub][INFO] - Decoder: conditioning[0]
[2023-01-09 14:59:07,451][unit_test.sub][INFO] - Decoder: conditioning[0]
[2023-01-09 14:59:07,716][unit_test.sub][INFO] - Decoder: conditioning[0]
[2023-01-09 14:59:07,766][unit_test.sub][INFO] - Decoder: conditioning[0]
[2023-01-09 14:59:07,814][unit_test.sub][INFO] - Decoder: conditioning[0]
[2023-01-09 14:59:07,857][unit_test.sub][INFO] - Decoder: conditioning[0]
[2023-01-09 14:59:07,897][unit_test.sub][INFO] - Decoder: conditioning[0]
[2023-01-09 14:59:07,943][unit_test.sub][INFO] - Decoder: conditioning[0]
[2023-01-09 14:59:07,996][unit_test.sub][INFO] - Decoder: conditioning[0]
[2023-01-09 14:59:08,047][unit_test.sub][INFO] - Decoder: conditioning[0]
[2023-01-09 14:59:08,097][unit_test.sub][INFO] - Decoder: conditioning[0]
[2023-01-09 14:59:08,150][unit_test.sub][INFO] - Decoder: conditioning[0]
[2023-01-09 14:59:08,201][unit_test.sub][INFO] - Decoder: conditioning[0]
[2023-01-09 14:59:08,251][unit_test.sub][INFO] - Decoder: conditioning[0]
[2023-01-09 14:59:08,299][unit_test.sub][INFO] - Decoder: conditioning[0]
[2023-01-09 14:59:08,353][unit_test.sub][INFO] - Decoder: conditioning[0]
[2023-01-09 14:59:08,405][unit_test.sub][INFO] - Decoder: conditioning[0]
[2023-01-09 14:59:08,447][unit_test.sub][INFO] - Decoder: conditioning[0]
[2023-01-09 14:59:08,568][unit_test.sub][INFO] - Decoder: conditioning[0]
[2023-01-09 14:59:08,613][unit_test.sub][INFO] - Decoder: conditioning[0]
[2023-01-09 14:59:08,672][unit_test.sub][INFO] - Decoder: conditioning[0]
[2023-01-09 14:59:08,758][unit_test.sub][INFO] - Decoder: conditioning[0]
[2023-01-09 14:59:08,802][unit_test.sub][INFO] - Decoder: conditioning[0]
[2023-01-09 14:59:08,845][unit_test.sub][INFO] - Decoder: conditioning[0]
[2023-01-09 14:59:08,884][unit_test.sub][INFO] - Decoder: conditioning[0]
[2023-01-09 14:59:08,924][unit_test.sub][INFO] - Decoder: conditioning[0]
[2023-01-09 14:59:09,029][unit_test.sub][INFO] - Decoder: conditioning[0]
[2023-01-09 14:59:09,073][unit_test.sub][INFO] - Decoder: conditioning[0]
[2023-01-09 14:59:09,133][unit_test.sub][INFO] - Decoder: conditioning[0]
[2023-01-09 14:59:09,206][unit_test.sub][INFO] - Decoder: conditioning[0]
[2023-01-09 14:59:09,254][unit_test.sub][INFO] - Decoder: conditioning[0]
[2023-01-09 14:59:09,300][unit_test.sub][INFO] - Decoder: conditioning[0]
[2023-01-09 14:59:09,348][unit_test.sub][INFO] - Decoder: conditioning[0]
[2023-01-09 14:59:09,412][unit_test.sub][INFO] - Decoder: conditioning[0]
[2023-01-09 14:59:09,470][unit_test.sub][INFO] - Decoder: conditioning[0]
[2023-01-09 14:59:09,523][unit_test.sub][INFO] - Decoder: conditioning[0]
[2023-01-09 14:59:09,569][unit_test.sub][INFO] - Decoder: conditioning[0]
[2023-01-09 14:59:09,622][unit_test.sub][INFO] - Decoder: conditioning[0]
[2023-01-09 14:59:09,866][unit_test.sub][INFO] - Decoder: conditioning[0]
[2023-01-09 14:59:09,910][unit_test.sub][INFO] - Decoder: conditioning[0]
[2023-01-09 14:59:09,956][unit_test.sub][INFO] - Decoder: conditioning[0]
[2023-01-09 14:59:09,999][unit_test.sub][INFO] - Decoder: conditioning[0]
[2023-01-09 14:59:10,061][unit_test.sub][INFO] - Decoder: conditioning[0]
[2023-01-09 14:59:10,111][unit_test.sub][INFO] - Decoder: conditioning[0]
[2023-01-09 14:59:10,157][unit_test.sub][INFO] - Decoder: conditioning[0]
[2023-01-09 14:59:10,203][unit_test.sub][INFO] - Decoder: conditioning[0]
[2023-01-09 14:59:10,238][unit_test.sub][INFO] - Decoder: conditioning[0]
[2023-01-09 14:59:10,282][unit_test.sub][INFO] - Decoder: conditioning[0]
[2023-01-09 14:59:10,323][unit_test.sub][INFO] - Decoder: conditioning[0]
[2023-01-09 14:59:10,365][unit_test.sub][INFO] - Decoder: conditioning[0]
[2023-01-09 14:59:10,406][unit_test.sub][INFO] - Decoder: conditioning[0]
[2023-01-09 14:59:10,462][unit_test.sub][INFO] - Decoder: conditioning[0]
[2023-01-09 14:59:10,517][unit_test.sub][INFO] - Decoder: conditioning[0]
[2023-01-09 14:59:10,563][unit_test.sub][INFO] - Decoder: conditioning[0]
[2023-01-09 14:59:10,663][unit_test.sub][INFO] - Decoder: conditioning[0]
[2023-01-09 14:59:10,706][unit_test.sub][INFO] - Decoder: conditioning[0]
[2023-01-09 14:59:10,765][unit_test.sub][INFO] - Decoder: conditioning[0]
[2023-01-09 14:59:10,854][unit_test.sub][INFO] - Decoder: conditioning[0]
[2023-01-09 14:59:10,908][unit_test.sub][INFO] - Decoder: conditioning[0]
[2023-01-09 14:59:10,956][unit_test.sub][INFO] - Decoder: conditioning[0]
[2023-01-09 14:59:10,996][unit_test.sub][INFO] - Decoder: conditioning[0]
[2023-01-09 14:59:11,035][unit_test.sub][INFO] - Decoder: conditioning[0]
[2023-01-09 14:59:11,105][unit_test.sub][INFO] - Decoder: conditioning[0]
[2023-01-09 14:59:11,167][unit_test.sub][INFO] - Decoder: conditioning[0]
[2023-01-09 14:59:11,227][unit_test.sub][INFO] - Decoder: conditioning[0]
[2023-01-09 14:59:13,868][unit_test.sub][INFO] - Decoder: conditioning[0]
[2023-01-09 14:59:13,926][unit_test.sub][INFO] - Decoder: conditioning[0]
[2023-01-09 14:59:13,946][unit_test.sub][INFO] - Decoder: conditioning[0]
[2023-01-09 14:59:14,019][unit_test.sub][INFO] - Decoder: conditioning[0]
[2023-01-09 14:59:14,305][unit_test.sub][INFO] - Decoder: conditioning[0]
[2023-01-09 14:59:14,333][unit_test.sub][INFO] - Decoder: conditioning[0]
[2023-01-09 14:59:14,347][unit_test.sub][INFO] - Decoder: conditioning[0]
[2023-01-09 14:59:14,360][unit_test.sub][INFO] - Decoder: conditioning[0]
[2023-01-09 14:59:14,373][unit_test.sub][INFO] - Decoder: conditioning[0]
[2023-01-09 14:59:14,385][unit_test.sub][INFO] - Decoder: conditioning[0]
[2023-01-09 14:59:14,397][unit_test.sub][INFO] - Decoder: conditioning[0]
[2023-01-09 14:59:14,409][unit_test.sub][INFO] - Decoder: conditioning[0]
[2023-01-09 14:59:14,421][unit_test.sub][INFO] - Decoder: conditioning[0]
[2023-01-09 14:59:14,432][unit_test.sub][INFO] - Decoder: conditioning[0]
[2023-01-09 14:59:14,443][unit_test.sub][INFO] - Decoder: conditioning[0]
[2023-01-09 14:59:14,455][unit_test.sub][INFO] - Decoder: conditioning[0]
[2023-01-09 14:59:14,466][unit_test.sub][INFO] - Decoder: conditioning[0]
[2023-01-09 14:59:14,477][unit_test.sub][INFO] - Decoder: conditioning[0]
[2023-01-09 14:59:14,488][unit_test.sub][INFO] - Decoder: conditioning[0]
[2023-01-09 14:59:14,499][unit_test.sub][INFO] - Decoder: conditioning[0]
[2023-01-09 14:59:14,510][unit_test.sub][INFO] - Decoder: conditioning[0]
[2023-01-09 14:59:14,521][unit_test.sub][INFO] - Decoder: conditioning[0]
[2023-01-09 14:59:14,533][unit_test.sub][INFO] - Decoder: conditioning[0]
[2023-01-09 14:59:14,574][unit_test.sub][INFO] - Decoder: conditioning[0]
[2023-01-09 14:59:14,603][unit_test.sub][INFO] - Decoder: conditioning[0]
[2023-01-09 14:59:14,624][unit_test.sub][INFO] - Decoder: conditioning[0]
[2023-01-09 14:59:14,636][unit_test.sub][INFO] - Decoder: conditioning[0]
[2023-01-09 14:59:14,647][unit_test.sub][INFO] - Decoder: conditioning[0]
[2023-01-09 14:59:14,658][unit_test.sub][INFO] - Decoder: conditioning[0]
[2023-01-09 14:59:14,670][unit_test.sub][INFO] - Decoder: conditioning[0]
[2023-01-09 14:59:14,681][unit_test.sub][INFO] - Decoder: conditioning[0]
[2023-01-09 14:59:14,693][unit_test.sub][INFO] - Decoder: conditioning[0]
[2023-01-09 14:59:17,945][unit_test.sub][INFO] - Decoder: conditioning[0]
[2023-01-09 14:59:18,065][unit_test.sub][INFO] - Decoder: conditioning[0]
[2023-01-09 14:59:18,083][unit_test.sub][INFO] - Decoder: conditioning[0]
[2023-01-09 14:59:18,116][unit_test.sub][INFO] - Decoder: conditioning[0]
[2023-01-09 14:59:18,151][unit_test.sub][INFO] - Decoder: conditioning[0]
[2023-01-09 14:59:18,165][unit_test.sub][INFO] - Decoder: conditioning[0]
[2023-01-09 14:59:18,179][unit_test.sub][INFO] - Decoder: conditioning[0]
[2023-01-09 14:59:18,250][unit_test.sub][INFO] - Decoder: conditioning[0]
[2023-01-09 14:59:18,264][unit_test.sub][INFO] - Decoder: conditioning[0]
[2023-01-09 14:59:18,276][unit_test.sub][INFO] - Decoder: conditioning[0]
[2023-01-09 14:59:18,290][unit_test.sub][INFO] - Decoder: conditioning[0]
[2023-01-09 14:59:18,559][unit_test.sub][INFO] - Decoder: conditioning[0]
[2023-01-09 14:59:18,589][unit_test.sub][INFO] - Decoder: conditioning[0]
[2023-01-09 14:59:18,608][unit_test.sub][INFO] - Decoder: conditioning[0]
[2023-01-09 14:59:18,628][unit_test.sub][INFO] - Decoder: conditioning[0]
[2023-01-09 14:59:18,652][unit_test.sub][INFO] - Decoder: conditioning[0]
[2023-01-09 14:59:18,668][unit_test.sub][INFO] - Decoder: conditioning[0]
[2023-01-09 14:59:18,683][unit_test.sub][INFO] - Decoder: conditioning[0]
[2023-01-09 14:59:18,698][unit_test.sub][INFO] - Decoder: conditioning[0]
[2023-01-09 14:59:18,713][unit_test.sub][INFO] - Decoder: conditioning[0]
[2023-01-09 14:59:18,728][unit_test.sub][INFO] - Decoder: conditioning[0]
[2023-01-09 14:59:18,742][unit_test.sub][INFO] - Decoder: conditioning[0]
[2023-01-09 14:59:18,818][unit_test.sub][INFO] - Decoder: conditioning[0]
[2023-01-09 14:59:18,837][unit_test.sub][INFO] - Decoder: conditioning[0]
[2023-01-09 14:59:18,850][unit_test.sub][INFO] - Decoder: conditioning[0]
[2023-01-09 14:59:18,863][unit_test.sub][INFO] - Decoder: conditioning[0]
[2023-01-09 14:59:18,888][unit_test.sub][INFO] - Decoder: conditioning[0]
[2023-01-09 14:59:18,906][unit_test.sub][INFO] - Decoder: conditioning[0]
[2023-01-09 14:59:18,920][unit_test.sub][INFO] - Decoder: conditioning[0]
[2023-01-09 14:59:18,934][unit_test.sub][INFO] - Decoder: conditioning[0]
[2023-01-09 14:59:18,948][unit_test.sub][INFO] - Decoder: conditioning[0]
[2023-01-09 14:59:18,962][unit_test.sub][INFO] - Decoder: conditioning[0]
[2023-01-09 14:59:18,977][unit_test.sub][INFO] - Decoder: conditioning[0]
[2023-01-09 14:59:18,991][unit_test.sub][INFO] - Decoder: conditioning[0]
[2023-01-09 14:59:19,006][unit_test.sub][INFO] - Decoder: conditioning[0]
[2023-01-09 14:59:19,055][unit_test.sub][INFO] - Decoder: conditioning[0]
[2023-01-09 14:59:19,068][unit_test.sub][INFO] - Decoder: conditioning[0]
[2023-01-09 14:59:19,125][unit_test.sub][INFO] - Decoder: conditioning[0]
[2023-01-09 14:59:19,146][unit_test.sub][INFO] - Decoder: conditioning[0]
[2023-01-09 14:59:19,215][unit_test.sub][INFO] - Decoder: conditioning[0]
[2023-01-09 14:59:19,228][unit_test.sub][INFO] - Decoder: conditioning[0]
[2023-01-09 14:59:19,242][unit_test.sub][INFO] - Decoder: conditioning[0]
[2023-01-09 14:59:19,256][unit_test.sub][INFO] - Decoder: conditioning[0]
[2023-01-09 14:59:19,323][unit_test.sub][INFO] - Decoder: conditioning[0]
[2023-01-09 14:59:19,337][unit_test.sub][INFO] - Decoder: conditioning[0]
[2023-01-09 14:59:19,350][unit_test.sub][INFO] - Decoder: conditioning[0]
[2023-01-09 14:59:19,364][unit_test.sub][INFO] - Decoder: conditioning[0]
[2023-01-09 14:59:19,610][unit_test.sub][INFO] - Decoder: conditioning[0]
[2023-01-09 14:59:19,626][unit_test.sub][INFO] - Decoder: conditioning[0]
[2023-01-09 14:59:19,641][unit_test.sub][INFO] - Decoder: conditioning[0]
[2023-01-09 14:59:19,656][unit_test.sub][INFO] - Decoder: conditioning[0]
[2023-01-09 14:59:19,671][unit_test.sub][INFO] - Decoder: conditioning[0]
[2023-01-09 14:59:19,686][unit_test.sub][INFO] - Decoder: conditioning[0]
[2023-01-09 14:59:19,701][unit_test.sub][INFO] - Decoder: conditioning[0]
[2023-01-09 14:59:19,717][unit_test.sub][INFO] - Decoder: conditioning[0]
[2023-01-09 14:59:19,732][unit_test.sub][INFO] - Decoder: conditioning[0]
[2023-01-09 14:59:19,747][unit_test.sub][INFO] - Decoder: conditioning[0]
[2023-01-09 14:59:19,761][unit_test.sub][INFO] - Decoder: conditioning[0]
[2023-01-09 14:59:19,811][unit_test.sub][INFO] - Decoder: conditioning[0]
[2023-01-09 14:59:19,826][unit_test.sub][INFO] - Decoder: conditioning[0]
[2023-01-09 14:59:19,837][unit_test.sub][INFO] - Decoder: conditioning[0]
[2023-01-09 14:59:19,847][unit_test.sub][INFO] - Decoder: conditioning[0]
[2023-01-09 14:59:19,857][unit_test.sub][INFO] - Decoder: conditioning[0]
[2023-01-09 14:59:19,867][unit_test.sub][INFO] - Decoder: conditioning[0]
[2023-01-09 14:59:19,878][unit_test.sub][INFO] - Decoder: conditioning[0]
[2023-01-09 14:59:19,888][unit_test.sub][INFO] - Decoder: conditioning[0]
[2023-01-09 14:59:19,898][unit_test.sub][INFO] - Decoder: conditioning[0]
[2023-01-09 14:59:19,944][unit_test.sub][INFO] - Decoder: conditioning[0]
[2023-01-09 14:59:19,960][unit_test.sub][INFO] - Decoder: conditioning[0]
[2023-01-09 14:59:19,971][unit_test.sub][INFO] - Decoder: conditioning[0]
[2023-01-09 14:59:19,982][unit_test.sub][INFO] - Decoder: conditioning[0]
[2023-01-09 14:59:20,047][unit_test.sub][INFO] - Decoder: conditioning[0]
[2023-01-09 14:59:20,072][unit_test.sub][INFO] - Decoder: conditioning[0]
[2023-01-09 14:59:20,138][unit_test.sub][INFO] - Decoder: conditioning[0]
[2023-01-09 14:59:20,157][unit_test.sub][INFO] - Decoder: conditioning[0]
[2023-01-09 14:59:20,234][unit_test.sub][INFO] - Decoder: conditioning[0]
[2023-01-09 14:59:20,255][unit_test.sub][INFO] - Decoder: conditioning[0]
[2023-01-09 14:59:20,274][unit_test.sub][INFO] - Decoder: conditioning[0]
[2023-01-09 14:59:20,286][unit_test.sub][INFO] - Decoder: conditioning[0]
[2023-01-09 14:59:20,362][unit_test.sub][INFO] - Decoder: conditioning[0]
[2023-01-09 14:59:20,380][unit_test.sub][INFO] - Decoder: conditioning[0]
[2023-01-09 14:59:20,391][unit_test.sub][INFO] - Decoder: conditioning[0]
[2023-01-09 14:59:20,401][unit_test.sub][INFO] - Decoder: conditioning[0]
[2023-01-09 14:59:20,635][unit_test.sub][INFO] - Decoder: conditioning[0]
[2023-01-09 14:59:20,649][unit_test.sub][INFO] - Decoder: conditioning[0]
[2023-01-09 14:59:20,661][unit_test.sub][INFO] - Decoder: conditioning[0]
[2023-01-09 14:59:20,672][unit_test.sub][INFO] - Decoder: conditioning[0]
[2023-01-09 14:59:20,683][unit_test.sub][INFO] - Decoder: conditioning[0]
[2023-01-09 14:59:20,694][unit_test.sub][INFO] - Decoder: conditioning[0]
[2023-01-09 14:59:20,704][unit_test.sub][INFO] - Decoder: conditioning[0]
[2023-01-09 14:59:20,715][unit_test.sub][INFO] - Decoder: conditioning[0]
[2023-01-09 14:59:20,726][unit_test.sub][INFO] - Decoder: conditioning[0]
[2023-01-09 14:59:20,736][unit_test.sub][INFO] - Decoder: conditioning[0]
[2023-01-09 14:59:20,747][unit_test.sub][INFO] - Decoder: conditioning[0]
[2023-01-09 14:59:20,802][unit_test.sub][INFO] - Decoder: conditioning[0]
[2023-01-09 14:59:20,818][unit_test.sub][INFO] - Decoder: conditioning[0]
[2023-01-09 14:59:20,828][unit_test.sub][INFO] - Decoder: conditioning[0]
[2023-01-09 14:59:20,839][unit_test.sub][INFO] - Decoder: conditioning[0]
[2023-01-09 14:59:20,849][unit_test.sub][INFO] - Decoder: conditioning[0]
[2023-01-09 14:59:20,859][unit_test.sub][INFO] - Decoder: conditioning[0]
[2023-01-09 14:59:20,869][unit_test.sub][INFO] - Decoder: conditioning[0]
[2023-01-09 14:59:20,879][unit_test.sub][INFO] - Decoder: conditioning[0]
[2023-01-09 14:59:20,890][unit_test.sub][INFO] - Decoder: conditioning[0]
[2023-01-09 14:59:20,930][unit_test.sub][INFO] - Decoder: conditioning[0]
[2023-01-09 14:59:20,949][unit_test.sub][INFO] - Decoder: conditioning[0]
[2023-01-09 14:59:20,964][unit_test.sub][INFO] - Decoder: conditioning[0]
[2023-01-09 14:59:20,974][unit_test.sub][INFO] - Decoder: conditioning[0]
[2023-01-09 14:59:21,030][unit_test.sub][INFO] - Decoder: conditioning[0]
[2023-01-09 14:59:21,046][unit_test.sub][INFO] - Decoder: conditioning[0]
[2023-01-09 14:59:21,100][unit_test.sub][INFO] - Decoder: conditioning[0]
[2023-01-09 14:59:21,124][unit_test.sub][INFO] - Decoder: conditioning[0]
[2023-01-09 14:59:21,182][unit_test.sub][INFO] - Decoder: conditioning[0]
[2023-01-09 14:59:21,195][unit_test.sub][INFO] - Decoder: conditioning[0]
[2023-01-09 14:59:21,205][unit_test.sub][INFO] - Decoder: conditioning[0]
[2023-01-09 14:59:21,215][unit_test.sub][INFO] - Decoder: conditioning[0]
[2023-01-09 14:59:21,283][unit_test.sub][INFO] - Decoder: conditioning[0]
[2023-01-09 14:59:21,310][unit_test.sub][INFO] - Decoder: conditioning[0]
[2023-01-09 14:59:21,329][unit_test.sub][INFO] - Decoder: conditioning[0]
[2023-01-09 14:59:21,342][unit_test.sub][INFO] - Decoder: conditioning[0]
[2023-01-09 14:59:21,483][unit_test.sub][INFO] - Decoder: conditioning[0]
[2023-01-09 14:59:21,496][unit_test.sub][INFO] - Decoder: conditioning[0]
[2023-01-09 14:59:21,508][unit_test.sub][INFO] - Decoder: conditioning[0]
[2023-01-09 14:59:21,520][unit_test.sub][INFO] - Decoder: conditioning[0]
[2023-01-09 14:59:21,531][unit_test.sub][INFO] - Decoder: conditioning[0]
[2023-01-09 14:59:21,542][unit_test.sub][INFO] - Decoder: conditioning[0]
[2023-01-09 14:59:21,553][unit_test.sub][INFO] - Decoder: conditioning[0]
[2023-01-09 14:59:21,563][unit_test.sub][INFO] - Decoder: conditioning[0]
[2023-01-09 14:59:21,574][unit_test.sub][INFO] - Decoder: conditioning[0]
[2023-01-09 14:59:21,584][unit_test.sub][INFO] - Decoder: conditioning[0]
[2023-01-09 14:59:21,595][unit_test.sub][INFO] - Decoder: conditioning[0]
